Started GET "/" for 127.0.0.1 at 2017-11-06 10:00:36 -0500
Processing by Rails::WelcomeController#index as HTML
  Rendering /Users/andrew/.rvm/gems/ruby-2.4.2/gems/railties-5.1.4/lib/rails/templates/rails/welcome/index.html.erb
  Rendered /Users/andrew/.rvm/gems/ruby-2.4.2/gems/railties-5.1.4/lib/rails/templates/rails/welcome/index.html.erb (3.6ms)
Completed 200 OK in 192ms (Views: 8.2ms)


Started GET "/" for 127.0.0.1 at 2017-11-06 10:02:30 -0500
Processing by WelcomeController#index as HTML
Completed 406 Not Acceptable in 39ms


  
ActionController::UnknownFormat (WelcomeController#index is missing a template for this request format and variant.

request.formats: ["text/html"]
request.variant: []

NOTE! For XHR/Ajax or API requests, this action would normally respond with 204 No Content: an empty white screen. Since you're loading it in a web browser, we assume that you expected to actually render a template, not nothing, so we're showing an error to be extra-clear. If you expect 204 No Content, carry on. That's what you'll get from an XHR or API request. Give it a shot.):
  
actionpack (5.1.4) lib/action_controller/metal/implicit_render.rb:53:in `default_render'
actionpack (5.1.4) lib/action_controller/metal/basic_implicit_render.rb:4:in `block in send_action'
actionpack (5.1.4) lib/action_controller/metal/basic_implicit_render.rb:4:in `tap'
actionpack (5.1.4) lib/action_controller/metal/basic_implicit_render.rb:4:in `send_action'
actionpack (5.1.4) lib/abstract_controller/base.rb:186:in `process_action'
actionpack (5.1.4) lib/action_controller/metal/rendering.rb:30:in `process_action'
actionpack (5.1.4) lib/abstract_controller/callbacks.rb:20:in `block in process_action'
activesupport (5.1.4) lib/active_support/callbacks.rb:131:in `run_callbacks'
actionpack (5.1.4) lib/abstract_controller/callbacks.rb:19:in `process_action'
actionpack (5.1.4) lib/action_controller/metal/rescue.rb:20:in `process_action'
actionpack (5.1.4) lib/action_controller/metal/instrumentation.rb:32:in `block in process_action'
activesupport (5.1.4) lib/active_support/notifications.rb:166:in `block in instrument'
activesupport (5.1.4) lib/active_support/notifications/instrumenter.rb:21:in `instrument'
activesupport (5.1.4) lib/active_support/notifications.rb:166:in `instrument'
actionpack (5.1.4) lib/action_controller/metal/instrumentation.rb:30:in `process_action'
actionpack (5.1.4) lib/action_controller/metal/params_wrapper.rb:252:in `process_action'
activerecord (5.1.4) lib/active_record/railties/controller_runtime.rb:22:in `process_action'
actionpack (5.1.4) lib/abstract_controller/base.rb:124:in `process'
actionview (5.1.4) lib/action_view/rendering.rb:30:in `process'
actionpack (5.1.4) lib/action_controller/metal.rb:189:in `dispatch'
actionpack (5.1.4) lib/action_controller/metal.rb:253:in `dispatch'
actionpack (5.1.4) lib/action_dispatch/routing/route_set.rb:49:in `dispatch'
actionpack (5.1.4) lib/action_dispatch/routing/route_set.rb:31:in `serve'
actionpack (5.1.4) lib/action_dispatch/journey/router.rb:50:in `block in serve'
actionpack (5.1.4) lib/action_dispatch/journey/router.rb:33:in `each'
actionpack (5.1.4) lib/action_dispatch/journey/router.rb:33:in `serve'
actionpack (5.1.4) lib/action_dispatch/routing/route_set.rb:834:in `call'
rack (2.0.3) lib/rack/etag.rb:25:in `call'
rack (2.0.3) lib/rack/conditional_get.rb:25:in `call'
rack (2.0.3) lib/rack/head.rb:12:in `call'
rack (2.0.3) lib/rack/session/abstract/id.rb:232:in `context'
rack (2.0.3) lib/rack/session/abstract/id.rb:226:in `call'
actionpack (5.1.4) lib/action_dispatch/middleware/cookies.rb:613:in `call'
activerecord (5.1.4) lib/active_record/migration.rb:556:in `call'
actionpack (5.1.4) lib/action_dispatch/middleware/callbacks.rb:26:in `block in call'
activesupport (5.1.4) lib/active_support/callbacks.rb:97:in `run_callbacks'
actionpack (5.1.4) lib/action_dispatch/middleware/callbacks.rb:24:in `call'
actionpack (5.1.4) lib/action_dispatch/middleware/executor.rb:12:in `call'
actionpack (5.1.4) lib/action_dispatch/middleware/debug_exceptions.rb:59:in `call'
web-console (3.5.1) lib/web_console/middleware.rb:135:in `call_app'
web-console (3.5.1) lib/web_console/middleware.rb:28:in `block in call'
web-console (3.5.1) lib/web_console/middleware.rb:18:in `catch'
web-console (3.5.1) lib/web_console/middleware.rb:18:in `call'
actionpack (5.1.4) lib/action_dispatch/middleware/show_exceptions.rb:31:in `call'
railties (5.1.4) lib/rails/rack/logger.rb:36:in `call_app'
railties (5.1.4) lib/rails/rack/logger.rb:24:in `block in call'
activesupport (5.1.4) lib/active_support/tagged_logging.rb:69:in `block in tagged'
activesupport (5.1.4) lib/active_support/tagged_logging.rb:26:in `tagged'
activesupport (5.1.4) lib/active_support/tagged_logging.rb:69:in `tagged'
railties (5.1.4) lib/rails/rack/logger.rb:24:in `call'
sprockets-rails (3.2.1) lib/sprockets/rails/quiet_assets.rb:13:in `call'
actionpack (5.1.4) lib/action_dispatch/middleware/remote_ip.rb:79:in `call'
actionpack (5.1.4) lib/action_dispatch/middleware/request_id.rb:25:in `call'
rack (2.0.3) lib/rack/method_override.rb:22:in `call'
rack (2.0.3) lib/rack/runtime.rb:22:in `call'
activesupport (5.1.4) lib/active_support/cache/strategy/local_cache_middleware.rb:27:in `call'
actionpack (5.1.4) lib/action_dispatch/middleware/executor.rb:12:in `call'
actionpack (5.1.4) lib/action_dispatch/middleware/static.rb:125:in `call'
rack (2.0.3) lib/rack/sendfile.rb:111:in `call'
railties (5.1.4) lib/rails/engine.rb:522:in `call'
puma (3.10.0) lib/puma/configuration.rb:225:in `call'
puma (3.10.0) lib/puma/server.rb:605:in `handle_request'
puma (3.10.0) lib/puma/server.rb:437:in `process_client'
puma (3.10.0) lib/puma/server.rb:301:in `block in run'
puma (3.10.0) lib/puma/thread_pool.rb:120:in `block in spawn_thread'
Started GET "/" for 127.0.0.1 at 2017-11-06 10:03:12 -0500
Processing by WelcomeController#index as HTML
Completed 406 Not Acceptable in 49ms


  
ActionController::UnknownFormat (WelcomeController#index is missing a template for this request format and variant.

request.formats: ["text/html"]
request.variant: []

NOTE! For XHR/Ajax or API requests, this action would normally respond with 204 No Content: an empty white screen. Since you're loading it in a web browser, we assume that you expected to actually render a template, not nothing, so we're showing an error to be extra-clear. If you expect 204 No Content, carry on. That's what you'll get from an XHR or API request. Give it a shot.):
  
actionpack (5.1.4) lib/action_controller/metal/implicit_render.rb:53:in `default_render'
actionpack (5.1.4) lib/action_controller/metal/basic_implicit_render.rb:4:in `block in send_action'
actionpack (5.1.4) lib/action_controller/metal/basic_implicit_render.rb:4:in `tap'
actionpack (5.1.4) lib/action_controller/metal/basic_implicit_render.rb:4:in `send_action'
actionpack (5.1.4) lib/abstract_controller/base.rb:186:in `process_action'
actionpack (5.1.4) lib/action_controller/metal/rendering.rb:30:in `process_action'
actionpack (5.1.4) lib/abstract_controller/callbacks.rb:20:in `block in process_action'
activesupport (5.1.4) lib/active_support/callbacks.rb:131:in `run_callbacks'
actionpack (5.1.4) lib/abstract_controller/callbacks.rb:19:in `process_action'
actionpack (5.1.4) lib/action_controller/metal/rescue.rb:20:in `process_action'
actionpack (5.1.4) lib/action_controller/metal/instrumentation.rb:32:in `block in process_action'
activesupport (5.1.4) lib/active_support/notifications.rb:166:in `block in instrument'
activesupport (5.1.4) lib/active_support/notifications/instrumenter.rb:21:in `instrument'
activesupport (5.1.4) lib/active_support/notifications.rb:166:in `instrument'
actionpack (5.1.4) lib/action_controller/metal/instrumentation.rb:30:in `process_action'
actionpack (5.1.4) lib/action_controller/metal/params_wrapper.rb:252:in `process_action'
activerecord (5.1.4) lib/active_record/railties/controller_runtime.rb:22:in `process_action'
actionpack (5.1.4) lib/abstract_controller/base.rb:124:in `process'
actionview (5.1.4) lib/action_view/rendering.rb:30:in `process'
actionpack (5.1.4) lib/action_controller/metal.rb:189:in `dispatch'
actionpack (5.1.4) lib/action_controller/metal.rb:253:in `dispatch'
actionpack (5.1.4) lib/action_dispatch/routing/route_set.rb:49:in `dispatch'
actionpack (5.1.4) lib/action_dispatch/routing/route_set.rb:31:in `serve'
actionpack (5.1.4) lib/action_dispatch/journey/router.rb:50:in `block in serve'
actionpack (5.1.4) lib/action_dispatch/journey/router.rb:33:in `each'
actionpack (5.1.4) lib/action_dispatch/journey/router.rb:33:in `serve'
actionpack (5.1.4) lib/action_dispatch/routing/route_set.rb:834:in `call'
rack (2.0.3) lib/rack/etag.rb:25:in `call'
rack (2.0.3) lib/rack/conditional_get.rb:25:in `call'
rack (2.0.3) lib/rack/head.rb:12:in `call'
rack (2.0.3) lib/rack/session/abstract/id.rb:232:in `context'
rack (2.0.3) lib/rack/session/abstract/id.rb:226:in `call'
actionpack (5.1.4) lib/action_dispatch/middleware/cookies.rb:613:in `call'
activerecord (5.1.4) lib/active_record/migration.rb:556:in `call'
actionpack (5.1.4) lib/action_dispatch/middleware/callbacks.rb:26:in `block in call'
activesupport (5.1.4) lib/active_support/callbacks.rb:97:in `run_callbacks'
actionpack (5.1.4) lib/action_dispatch/middleware/callbacks.rb:24:in `call'
actionpack (5.1.4) lib/action_dispatch/middleware/executor.rb:12:in `call'
actionpack (5.1.4) lib/action_dispatch/middleware/debug_exceptions.rb:59:in `call'
web-console (3.5.1) lib/web_console/middleware.rb:135:in `call_app'
web-console (3.5.1) lib/web_console/middleware.rb:28:in `block in call'
web-console (3.5.1) lib/web_console/middleware.rb:18:in `catch'
web-console (3.5.1) lib/web_console/middleware.rb:18:in `call'
actionpack (5.1.4) lib/action_dispatch/middleware/show_exceptions.rb:31:in `call'
railties (5.1.4) lib/rails/rack/logger.rb:36:in `call_app'
railties (5.1.4) lib/rails/rack/logger.rb:24:in `block in call'
activesupport (5.1.4) lib/active_support/tagged_logging.rb:69:in `block in tagged'
activesupport (5.1.4) lib/active_support/tagged_logging.rb:26:in `tagged'
activesupport (5.1.4) lib/active_support/tagged_logging.rb:69:in `tagged'
railties (5.1.4) lib/rails/rack/logger.rb:24:in `call'
sprockets-rails (3.2.1) lib/sprockets/rails/quiet_assets.rb:13:in `call'
actionpack (5.1.4) lib/action_dispatch/middleware/remote_ip.rb:79:in `call'
actionpack (5.1.4) lib/action_dispatch/middleware/request_id.rb:25:in `call'
rack (2.0.3) lib/rack/method_override.rb:22:in `call'
rack (2.0.3) lib/rack/runtime.rb:22:in `call'
activesupport (5.1.4) lib/active_support/cache/strategy/local_cache_middleware.rb:27:in `call'
actionpack (5.1.4) lib/action_dispatch/middleware/executor.rb:12:in `call'
actionpack (5.1.4) lib/action_dispatch/middleware/static.rb:125:in `call'
rack (2.0.3) lib/rack/sendfile.rb:111:in `call'
railties (5.1.4) lib/rails/engine.rb:522:in `call'
puma (3.10.0) lib/puma/configuration.rb:225:in `call'
puma (3.10.0) lib/puma/server.rb:605:in `handle_request'
puma (3.10.0) lib/puma/server.rb:437:in `process_client'
puma (3.10.0) lib/puma/server.rb:301:in `block in run'
puma (3.10.0) lib/puma/thread_pool.rb:120:in `block in spawn_thread'
Started GET "/" for 127.0.0.1 at 2017-11-06 10:03:52 -0500
Processing by WelcomeController#index as HTML
  Rendering welcome/index.html.slim within layouts/application
  Rendered welcome/index.html.slim within layouts/application (13.4ms)
Completed 200 OK in 499ms (Views: 324.8ms)


Started GET "/" for 127.0.0.1 at 2017-11-06 10:03:54 -0500
Processing by WelcomeController#index as HTML
  Rendering welcome/index.html.slim within layouts/application
  Rendered welcome/index.html.slim within layouts/application (2.7ms)
Completed 200 OK in 16ms (Views: 13.6ms)


Started GET "/" for 127.0.0.1 at 2017-11-06 10:04:08 -0500
Processing by WelcomeController#index as HTML
  Rendering welcome/index.html.slim within layouts/application
  Rendered welcome/index.html.slim within layouts/application (4.1ms)
Completed 200 OK in 18ms (Views: 15.9ms)


Started GET "/" for 127.0.0.1 at 2017-11-06 10:05:55 -0500
Processing by WelcomeController#index as HTML
  Rendering welcome/index.html.slim within layouts/application
  Rendered welcome/index.html.slim within layouts/application (4.5ms)
Completed 200 OK in 19ms (Views: 17.0ms)


Started GET "/" for 127.0.0.1 at 2017-11-06 10:06:26 -0500
Processing by WelcomeController#index as HTML
  Rendering welcome/index.html.slim within layouts/application
  Rendered welcome/index.html.slim within layouts/application (4.0ms)
Completed 200 OK in 17ms (Views: 15.2ms)


Started GET "/" for 127.0.0.1 at 2017-11-06 10:06:38 -0500
Processing by WelcomeController#index as HTML
  Rendering welcome/index.html.slim within layouts/application
  Rendered welcome/index.html.slim within layouts/application (4.0ms)
Completed 200 OK in 17ms (Views: 15.8ms)


Started GET "/" for 127.0.0.1 at 2017-11-06 10:06:53 -0500
Processing by WelcomeController#index as HTML
  Rendering welcome/index.html.slim within layouts/application
  Rendered welcome/index.html.slim within layouts/application (3.9ms)
Completed 200 OK in 17ms (Views: 14.9ms)


Started GET "/" for 127.0.0.1 at 2017-11-06 14:13:54 -0500
Processing by WelcomeController#index as HTML
  Rendering welcome/index.html.slim within layouts/application
  Rendered welcome/index.html.slim within layouts/application (15.6ms)
Completed 200 OK in 477ms (Views: 295.5ms)


Started GET "/" for 127.0.0.1 at 2017-11-06 14:14:43 -0500
Processing by WelcomeController#index as HTML
  Rendering welcome/index.html.slim within layouts/application
  Rendered welcome/index.html.slim within layouts/application (4.4ms)
Completed 200 OK in 18ms (Views: 16.2ms)


Started GET "/" for 127.0.0.1 at 2017-11-06 14:14:58 -0500
Processing by WelcomeController#index as HTML
  Rendering welcome/index.html.slim within layouts/application
  Rendered welcome/index.html.slim within layouts/application (4.3ms)
Completed 200 OK in 19ms (Views: 16.9ms)


Started GET "/" for 127.0.0.1 at 2017-11-06 14:15:18 -0500
Processing by WelcomeController#index as HTML
  Rendering welcome/index.html.slim within layouts/application
  Rendered welcome/index.html.slim within layouts/application (3.9ms)
Completed 200 OK in 18ms (Views: 15.7ms)


Started GET "/" for 127.0.0.1 at 2017-11-06 14:16:10 -0500
Processing by WelcomeController#index as HTML
  Rendering welcome/index.html.slim within layouts/application
  Rendered welcome/index.html.slim within layouts/application (13.9ms)
Completed 200 OK in 462ms (Views: 284.8ms)


Started GET "/" for 127.0.0.1 at 2017-11-06 14:16:10 -0500
Processing by WelcomeController#index as HTML
  Rendering welcome/index.html.slim within layouts/application
  Rendered welcome/index.html.slim within layouts/application (5.9ms)
Completed 200 OK in 33ms (Views: 29.4ms)


Started GET "/" for 127.0.0.1 at 2018-04-27 23:18:52 +0500
Processing by WelcomeController#index as HTML
  Rendering welcome/index.html.slim within layouts/application
  Rendered welcome/index.html.slim within layouts/application (35.5ms)
Completed 200 OK in 1162ms (Views: 962.2ms)


  [1m[35m (150.4ms)[0m  [1m[35mCREATE TABLE "schema_migrations" ("version" character varying NOT NULL PRIMARY KEY)[0m
  [1m[35m (158.4ms)[0m  [1m[35mCREATE TABLE "ar_internal_metadata" ("key" character varying NOT NULL PRIMARY KEY, "value" character varying, "created_at" timestamp NOT NULL, "updated_at" timestamp NOT NULL)[0m
  [1m[35m (1.1ms)[0m  [1m[34mSELECT pg_try_advisory_lock(2344381185133090530)[0m
  [1m[35m (1.1ms)[0m  [1m[34mSELECT "schema_migrations"."version" FROM "schema_migrations" ORDER BY "schema_migrations"."version" ASC[0m
Migrating to CreateUsers (20180427185044)
  [1m[35m (0.2ms)[0m  [1m[35mBEGIN[0m
  [1m[35m (91.3ms)[0m  [1m[35mCREATE TABLE "users" ("id" bigserial primary key, "name" character varying, "date" date, "number" integer, "description" text, "created_at" timestamp NOT NULL, "updated_at" timestamp NOT NULL)[0m
  [1m[35mSQL (0.8ms)[0m  [1m[32mINSERT INTO "schema_migrations" ("version") VALUES ($1) RETURNING "version"[0m  [["version", "20180427185044"]]
  [1m[35m (13.8ms)[0m  [1m[35mCOMMIT[0m
  [1m[36mActiveRecord::InternalMetadata Load (0.8ms)[0m  [1m[34mSELECT  "ar_internal_metadata".* FROM "ar_internal_metadata" WHERE "ar_internal_metadata"."key" = $1 LIMIT $2[0m  [["key", "environment"], ["LIMIT", 1]]
  [1m[35m (0.5ms)[0m  [1m[35mBEGIN[0m
  [1m[35mSQL (0.7ms)[0m  [1m[32mINSERT INTO "ar_internal_metadata" ("key", "value", "created_at", "updated_at") VALUES ($1, $2, $3, $4) RETURNING "key"[0m  [["key", "environment"], ["value", "development"], ["created_at", "2018-04-27 18:51:23.146462"], ["updated_at", "2018-04-27 18:51:23.146462"]]
  [1m[35m (4.0ms)[0m  [1m[35mCOMMIT[0m
  [1m[35m (0.5ms)[0m  [1m[34mSELECT pg_advisory_unlock(2344381185133090530)[0m
  [1m[35m (0.6ms)[0m  [1m[34mSELECT "schema_migrations"."version" FROM "schema_migrations" ORDER BY "schema_migrations"."version" ASC[0m
Started GET "/" for 127.0.0.1 at 2018-04-27 23:52:42 +0500
  [1m[35m (1.1ms)[0m  [1m[34mSELECT "schema_migrations"."version" FROM "schema_migrations" ORDER BY "schema_migrations"."version" ASC[0m
Processing by WelcomeController#index as HTML
  Rendering welcome/index.html.slim within layouts/application
  Rendered welcome/index.html.slim within layouts/application (75.6ms)
Completed 200 OK in 1093ms (Views: 1054.0ms | ActiveRecord: 0.0ms)


Started GET "/" for 127.0.0.1 at 2018-04-27 23:58:33 +0500
Processing by WelcomeController#index as HTML
  Rendering welcome/index.html.slim within layouts/application
  Rendered welcome/index.html.slim within layouts/application (8.4ms)
Completed 200 OK in 68ms (Views: 65.2ms | ActiveRecord: 0.0ms)


Started GET "/" for 127.0.0.1 at 2018-04-28 00:00:53 +0500
Processing by WelcomeController#index as HTML
  Rendering welcome/index.html.slim within layouts/application
  Rendered welcome/index.html.slim within layouts/application (7.6ms)
Completed 200 OK in 40ms (Views: 38.4ms | ActiveRecord: 0.0ms)


Started GET "/users" for 127.0.0.1 at 2018-04-28 00:00:57 +0500
Processing by UsersController#index as HTML
  Rendering users/index.html.slim within layouts/application
  Rendered users/index.html.slim within layouts/application (9.2ms)
Completed 200 OK in 44ms (Views: 42.2ms | ActiveRecord: 0.0ms)


Started GET "/users" for 127.0.0.1 at 2018-04-28 00:02:07 +0500
Processing by UsersController#index as HTML
  Rendering users/index.html.slim within layouts/application
  Rendered users/index.html.slim within layouts/application (53.8ms)
Completed 200 OK in 89ms (Views: 87.1ms | ActiveRecord: 0.0ms)


Started GET "/users" for 127.0.0.1 at 2018-04-28 00:03:14 +0500
Processing by UsersController#index as HTML
  Rendering users/index.html.slim within layouts/application
  Rendered users/index.html.slim within layouts/application (5.8ms)
Completed 200 OK in 40ms (Views: 38.5ms | ActiveRecord: 0.0ms)


Started GET "/users" for 127.0.0.1 at 2018-04-28 00:05:33 +0500
Processing by UsersController#index as HTML
  Rendering users/index.html.slim within layouts/application
  Rendered users/index.html.slim within layouts/application (6.9ms)
Completed 200 OK in 35ms (Views: 32.5ms | ActiveRecord: 0.0ms)


Started GET "/users/import" for 127.0.0.1 at 2018-04-28 00:05:34 +0500
Processing by UsersController#import as HTML
  Rendering users/import.html.slim within layouts/application
  Rendered users/import.html.slim within layouts/application (6.0ms)
Completed 200 OK in 40ms (Views: 37.2ms | ActiveRecord: 0.0ms)


Started GET "/users/import" for 127.0.0.1 at 2018-04-28 00:07:17 +0500
Processing by UsersController#import as HTML
  Rendering users/import.html.slim within layouts/application
  Rendered users/import.html.slim within layouts/application (6.6ms)
Completed 200 OK in 31ms (Views: 29.2ms | ActiveRecord: 0.0ms)


Started GET "/users/import" for 127.0.0.1 at 2018-04-28 00:08:11 +0500
Processing by UsersController#import as HTML
  Rendering users/import.html.slim within layouts/application
  Rendered users/import.html.slim within layouts/application (6.7ms)
Completed 200 OK in 47ms (Views: 44.9ms | ActiveRecord: 0.0ms)


Started POST "/users/read_csv" for 127.0.0.1 at 2018-04-28 00:08:14 +0500
Processing by UsersController#read_csv as HTML
  Parameters: {"utf8"=>"✓", "authenticity_token"=>"CECRP543CGc7vHVgvApHI8/WsHDkhZg4bInCiPmT/P/NsTb+LufAv3tep4cSbd9sPGLPGbHkkJ+IH/77L5pfdQ==", "csv"=>"", "commit"=>"Upload"}
Completed 500 Internal Server Error in 120ms (ActiveRecord: 0.0ms)


  
NameError (undefined local variable or method `sss' for #<UsersController:0x007f9f423e5588>):
  
app/controllers/users_controller.rb:8:in `read_csv'
Started POST "/users/read_csv" for 127.0.0.1 at 2018-04-28 00:11:12 +0500
Processing by UsersController#read_csv as HTML
  Parameters: {"utf8"=>"✓", "authenticity_token"=>"CECRP543CGc7vHVgvApHI8/WsHDkhZg4bInCiPmT/P/NsTb+LufAv3tep4cSbd9sPGLPGbHkkJ+IH/77L5pfdQ==", "csv"=>"test.csv", "commit"=>"Upload"}
Completed 500 Internal Server Error in 2ms (ActiveRecord: 0.0ms)


  
Errno::ENOENT (No such file or directory @ rb_sysopen - test.csv):
  
app/controllers/users_controller.rb:7:in `read'
app/controllers/users_controller.rb:7:in `read_csv'
Started POST "/users/read_csv" for 127.0.0.1 at 2018-04-28 00:12:36 +0500
Processing by UsersController#read_csv as HTML
  Parameters: {"utf8"=>"✓", "authenticity_token"=>"CECRP543CGc7vHVgvApHI8/WsHDkhZg4bInCiPmT/P/NsTb+LufAv3tep4cSbd9sPGLPGbHkkJ+IH/77L5pfdQ==", "csv"=>"test.csv", "commit"=>"Upload"}
Completed 500 Internal Server Error in 2ms (ActiveRecord: 0.0ms)


  
NameError (uninitialized constant UsersController::CSV):
  
app/controllers/users_controller.rb:7:in `read_csv'
Started POST "/users/read_csv" for 127.0.0.1 at 2018-04-28 00:12:57 +0500
Processing by UsersController#read_csv as HTML
  Parameters: {"utf8"=>"✓", "authenticity_token"=>"CECRP543CGc7vHVgvApHI8/WsHDkhZg4bInCiPmT/P/NsTb+LufAv3tep4cSbd9sPGLPGbHkkJ+IH/77L5pfdQ==", "csv"=>"test.csv", "commit"=>"Upload"}
Completed 500 Internal Server Error in 2ms (ActiveRecord: 0.0ms)


  
Errno::ENOENT (No such file or directory @ rb_sysopen - test.csv):
  
app/controllers/users_controller.rb:8:in `read_csv'
Started POST "/users/read_csv" for 127.0.0.1 at 2018-04-28 00:13:51 +0500
Processing by UsersController#read_csv as HTML
  Parameters: {"utf8"=>"✓", "authenticity_token"=>"CECRP543CGc7vHVgvApHI8/WsHDkhZg4bInCiPmT/P/NsTb+LufAv3tep4cSbd9sPGLPGbHkkJ+IH/77L5pfdQ==", "csv"=>"test.csv", "commit"=>"Upload"}
Completed 500 Internal Server Error in 2ms (ActiveRecord: 0.0ms)


  
NoMethodError (undefined method `path' for "test.csv":String):
  
app/controllers/users_controller.rb:8:in `read_csv'
Started POST "/users/read_csv" for 127.0.0.1 at 2018-04-28 00:17:10 +0500
Processing by UsersController#read_csv as HTML
  Parameters: {"utf8"=>"✓", "authenticity_token"=>"CECRP543CGc7vHVgvApHI8/WsHDkhZg4bInCiPmT/P/NsTb+LufAv3tep4cSbd9sPGLPGbHkkJ+IH/77L5pfdQ==", "csv"=>"test.csv", "commit"=>"Upload"}
Completed 500 Internal Server Error in 26ms (ActiveRecord: 0.0ms)


  
NoMethodError (undefined method `path' for nil:NilClass):
  
app/models/user.rb:4:in `import'
app/controllers/users_controller.rb:8:in `read_csv'
Started POST "/users/read_csv" for 127.0.0.1 at 2018-04-28 00:17:29 +0500
Processing by UsersController#read_csv as HTML
  Parameters: {"utf8"=>"✓", "authenticity_token"=>"CECRP543CGc7vHVgvApHI8/WsHDkhZg4bInCiPmT/P/NsTb+LufAv3tep4cSbd9sPGLPGbHkkJ+IH/77L5pfdQ==", "csv"=>"test.csv", "commit"=>"Upload"}
Completed 500 Internal Server Error in 7ms (ActiveRecord: 0.0ms)


  
NoMethodError (undefined method `path' for "test.csv":String):
  
app/models/user.rb:4:in `import'
app/controllers/users_controller.rb:8:in `read_csv'
Started GET "/users/import" for 127.0.0.1 at 2018-04-28 00:17:46 +0500
Processing by UsersController#import as HTML
  Rendering users/import.html.slim within layouts/application
  Rendered users/import.html.slim within layouts/application (10.9ms)
Completed 200 OK in 64ms (Views: 58.5ms | ActiveRecord: 0.0ms)


Started POST "/users/read_csv" for 127.0.0.1 at 2018-04-28 00:17:57 +0500
Processing by UsersController#read_csv as HTML
  Parameters: {"utf8"=>"✓", "authenticity_token"=>"7FDop7KukPcvHd4Z35idk1RWID6He5Kq6QHsWl8Mg3cpoU9mAn5YL2//DP5x/wXcp+JfV9Iamg0Nl9ApiQUg/Q==", "csv"=>"test.csv", "commit"=>"Upload"}
Completed 500 Internal Server Error in 2ms (ActiveRecord: 0.0ms)


  
NoMethodError (undefined method `path' for "test.csv":String):
  
app/models/user.rb:4:in `import'
app/controllers/users_controller.rb:8:in `read_csv'
Started GET "/users/import" for 127.0.0.1 at 2018-04-28 00:18:46 +0500
Processing by UsersController#import as HTML
  Rendering users/import.html.slim within layouts/application
  Rendered users/import.html.slim within layouts/application (7.0ms)
Completed 200 OK in 42ms (Views: 39.9ms | ActiveRecord: 0.0ms)


Started POST "/users/read_csv" for 127.0.0.1 at 2018-04-28 00:18:53 +0500
Processing by UsersController#read_csv as HTML
  Parameters: {"utf8"=>"✓", "authenticity_token"=>"5PBlWHYniykI3Kwf1zGyeObU6Rf96xQ8jtcXvKhor9ohAcKZxvdD8Ug+fvh5Vio3FWCWfqiKHJtqQSvPfmEMUA==", "csv"=>#<ActionDispatch::Http::UploadedFile:0x007f9f3c07d838 @tempfile=#<Tempfile:/tmp/RackMultipart20180428-29967-t5t8dh.csv>, @original_filename="test.csv", @content_type="text/csv", @headers="Content-Disposition: form-data; name=\"csv\"; filename=\"test.csv\"\r\nContent-Type: text/csv\r\n">, "commit"=>"Upload"}
Completed 500 Internal Server Error in 147ms (ActiveRecord: 0.0ms)


  
NameError (undefined local variable or method `ddd' for #<UsersController:0x007f9f3c07e7d8>):
  
app/controllers/users_controller.rb:9:in `read_csv'
Started POST "/users/read_csv" for 127.0.0.1 at 2018-04-28 00:20:30 +0500
Processing by UsersController#read_csv as HTML
Can't verify CSRF token authenticity.
Completed 422 Unprocessable Entity in 3ms (ActiveRecord: 0.0ms)


  
ActionController::InvalidAuthenticityToken (ActionController::InvalidAuthenticityToken):
  
actionpack (5.1.4) lib/action_controller/metal/request_forgery_protection.rb:195:in `handle_unverified_request'
actionpack (5.1.4) lib/action_controller/metal/request_forgery_protection.rb:227:in `handle_unverified_request'
actionpack (5.1.4) lib/action_controller/metal/request_forgery_protection.rb:222:in `verify_authenticity_token'
activesupport (5.1.4) lib/active_support/callbacks.rb:413:in `block in make_lambda'
activesupport (5.1.4) lib/active_support/callbacks.rb:197:in `call'
activesupport (5.1.4) lib/active_support/callbacks.rb:197:in `block (2 levels) in halting'
actionpack (5.1.4) lib/abstract_controller/callbacks.rb:12:in `call'
actionpack (5.1.4) lib/abstract_controller/callbacks.rb:12:in `block (2 levels) in <module:Callbacks>'
activesupport (5.1.4) lib/active_support/callbacks.rb:198:in `call'
activesupport (5.1.4) lib/active_support/callbacks.rb:198:in `block in halting'
activesupport (5.1.4) lib/active_support/callbacks.rb:507:in `call'
activesupport (5.1.4) lib/active_support/callbacks.rb:507:in `block in invoke_before'
activesupport (5.1.4) lib/active_support/callbacks.rb:507:in `each'
activesupport (5.1.4) lib/active_support/callbacks.rb:507:in `invoke_before'
activesupport (5.1.4) lib/active_support/callbacks.rb:130:in `run_callbacks'
actionpack (5.1.4) lib/abstract_controller/callbacks.rb:19:in `process_action'
actionpack (5.1.4) lib/action_controller/metal/rescue.rb:20:in `process_action'
actionpack (5.1.4) lib/action_controller/metal/instrumentation.rb:32:in `block in process_action'
activesupport (5.1.4) lib/active_support/notifications.rb:166:in `block in instrument'
activesupport (5.1.4) lib/active_support/notifications/instrumenter.rb:21:in `instrument'
activesupport (5.1.4) lib/active_support/notifications.rb:166:in `instrument'
actionpack (5.1.4) lib/action_controller/metal/instrumentation.rb:30:in `process_action'
actionpack (5.1.4) lib/action_controller/metal/params_wrapper.rb:252:in `process_action'
activerecord (5.1.4) lib/active_record/railties/controller_runtime.rb:22:in `process_action'
actionpack (5.1.4) lib/abstract_controller/base.rb:124:in `process'
actionview (5.1.4) lib/action_view/rendering.rb:30:in `process'
actionpack (5.1.4) lib/action_controller/metal.rb:189:in `dispatch'
actionpack (5.1.4) lib/action_controller/metal.rb:253:in `dispatch'
actionpack (5.1.4) lib/action_dispatch/routing/route_set.rb:49:in `dispatch'
actionpack (5.1.4) lib/action_dispatch/routing/route_set.rb:31:in `serve'
actionpack (5.1.4) lib/action_dispatch/journey/router.rb:50:in `block in serve'
actionpack (5.1.4) lib/action_dispatch/journey/router.rb:33:in `each'
actionpack (5.1.4) lib/action_dispatch/journey/router.rb:33:in `serve'
actionpack (5.1.4) lib/action_dispatch/routing/route_set.rb:834:in `call'
rack (2.0.3) lib/rack/etag.rb:25:in `call'
rack (2.0.3) lib/rack/conditional_get.rb:38:in `call'
rack (2.0.3) lib/rack/head.rb:12:in `call'
rack (2.0.3) lib/rack/session/abstract/id.rb:232:in `context'
rack (2.0.3) lib/rack/session/abstract/id.rb:226:in `call'
actionpack (5.1.4) lib/action_dispatch/middleware/cookies.rb:613:in `call'
activerecord (5.1.4) lib/active_record/migration.rb:556:in `call'
actionpack (5.1.4) lib/action_dispatch/middleware/callbacks.rb:26:in `block in call'
activesupport (5.1.4) lib/active_support/callbacks.rb:97:in `run_callbacks'
actionpack (5.1.4) lib/action_dispatch/middleware/callbacks.rb:24:in `call'
actionpack (5.1.4) lib/action_dispatch/middleware/executor.rb:12:in `call'
actionpack (5.1.4) lib/action_dispatch/middleware/debug_exceptions.rb:59:in `call'
web-console (3.5.1) lib/web_console/middleware.rb:135:in `call_app'
web-console (3.5.1) lib/web_console/middleware.rb:28:in `block in call'
web-console (3.5.1) lib/web_console/middleware.rb:18:in `catch'
web-console (3.5.1) lib/web_console/middleware.rb:18:in `call'
actionpack (5.1.4) lib/action_dispatch/middleware/show_exceptions.rb:31:in `call'
railties (5.1.4) lib/rails/rack/logger.rb:36:in `call_app'
railties (5.1.4) lib/rails/rack/logger.rb:24:in `block in call'
activesupport (5.1.4) lib/active_support/tagged_logging.rb:69:in `block in tagged'
activesupport (5.1.4) lib/active_support/tagged_logging.rb:26:in `tagged'
activesupport (5.1.4) lib/active_support/tagged_logging.rb:69:in `tagged'
railties (5.1.4) lib/rails/rack/logger.rb:24:in `call'
sprockets-rails (3.2.1) lib/sprockets/rails/quiet_assets.rb:13:in `call'
actionpack (5.1.4) lib/action_dispatch/middleware/remote_ip.rb:79:in `call'
actionpack (5.1.4) lib/action_dispatch/middleware/request_id.rb:25:in `call'
rack (2.0.3) lib/rack/method_override.rb:22:in `call'
rack (2.0.3) lib/rack/runtime.rb:22:in `call'
activesupport (5.1.4) lib/active_support/cache/strategy/local_cache_middleware.rb:27:in `call'
actionpack (5.1.4) lib/action_dispatch/middleware/executor.rb:12:in `call'
actionpack (5.1.4) lib/action_dispatch/middleware/static.rb:125:in `call'
rack (2.0.3) lib/rack/sendfile.rb:111:in `call'
railties (5.1.4) lib/rails/engine.rb:522:in `call'
puma (3.10.0) lib/puma/configuration.rb:225:in `call'
puma (3.10.0) lib/puma/server.rb:605:in `handle_request'
puma (3.10.0) lib/puma/server.rb:437:in `process_client'
puma (3.10.0) lib/puma/server.rb:301:in `block in run'
puma (3.10.0) lib/puma/thread_pool.rb:120:in `call'
puma (3.10.0) lib/puma/thread_pool.rb:120:in `block in spawn_thread'
Started POST "/users/read_csv" for 127.0.0.1 at 2018-04-28 00:21:40 +0500
Processing by UsersController#read_csv as HTML
Completed 500 Internal Server Error in 4ms (ActiveRecord: 0.0ms)


  
NoMethodError (undefined method `path' for nil:NilClass):
  
app/models/user.rb:4:in `import'
app/controllers/users_controller.rb:8:in `read_csv'
Started GET "/users/import" for 127.0.0.1 at 2018-04-28 00:21:46 +0500
Processing by UsersController#import as HTML
  Rendering users/import.html.slim within layouts/application
  Rendered users/import.html.slim within layouts/application (6.3ms)
Completed 200 OK in 72ms (Views: 70.5ms | ActiveRecord: 0.0ms)


Started POST "/users/read_csv" for 127.0.0.1 at 2018-04-28 00:21:53 +0500
Processing by UsersController#read_csv as HTML
  Parameters: {"utf8"=>"✓", "authenticity_token"=>"I1vZ3K3cWWZSD3lSHHIpuh2J0KFivq5bVBTbdWltffXmqn4dHQyRvhLtq7WyFbH17j2vyDffpvywgucGv2Tefw==", "csv"=>#<ActionDispatch::Http::UploadedFile:0x007f9f304c61a8 @tempfile=#<Tempfile:/tmp/RackMultipart20180428-29967-1mh6pdp.csv>, @original_filename="test.csv", @content_type="text/csv", @headers="Content-Disposition: form-data; name=\"csv\"; filename=\"test.csv\"\r\nContent-Type: text/csv\r\n">, "commit"=>"Upload"}
  [1m[35m (0.2ms)[0m  [1m[35mBEGIN[0m
  [1m[35mSQL (114.4ms)[0m  [1m[32mINSERT INTO "users" ("name", "date", "number", "description", "created_at", "updated_at") VALUES ($1, $2, $3, $4, $5, $6) RETURNING "id"[0m  [["name", "Paul"], ["date", "1988-08-28"], ["number", 33], ["description", "Vivamus id ligula rutrum, this man is the greatest there ever was."], ["created_at", "2018-04-27 19:21:53.698240"], ["updated_at", "2018-04-27 19:21:53.698240"]]
  [1m[35m (69.0ms)[0m  [1m[35mCOMMIT[0m
  [1m[35m (0.2ms)[0m  [1m[35mBEGIN[0m
  [1m[35mSQL (0.5ms)[0m  [1m[32mINSERT INTO "users" ("name", "date", "number", "description", "created_at", "updated_at") VALUES ($1, $2, $3, $4, $5, $6) RETURNING "id"[0m  [["name", "Troy"], ["date", "1988-02-28"], ["number", 85], ["description", "Maecenas vitae ultricies purus, id posuere sem. Mauris."], ["created_at", "2018-04-27 19:21:53.994652"], ["updated_at", "2018-04-27 19:21:53.994652"]]
  [1m[35m (39.8ms)[0m  [1m[35mCOMMIT[0m
  [1m[35m (0.2ms)[0m  [1m[35mBEGIN[0m
  [1m[35mSQL (0.5ms)[0m  [1m[32mINSERT INTO "users" ("name", "date", "number", "description", "created_at", "updated_at") VALUES ($1, $2, $3, $4, $5, $6) RETURNING "id"[0m  [["name", "Tom"], ["date", "1982-03-15"], ["number", 37], ["description", "Maecenas a velit metus. Duis malesuada ligula et."], ["created_at", "2018-04-27 19:21:54.038447"], ["updated_at", "2018-04-27 19:21:54.038447"]]
  [1m[35m (51.9ms)[0m  [1m[35mCOMMIT[0m
  [1m[35m (0.6ms)[0m  [1m[35mBEGIN[0m
  [1m[35mSQL (0.7ms)[0m  [1m[32mINSERT INTO "users" ("name", "date", "number", "description", "created_at", "updated_at") VALUES ($1, $2, $3, $4, $5, $6) RETURNING "id"[0m  [["name", "Liam"], ["date", "1988-06-22"], ["number", 35], ["description", "Nulla mollis sodales ligula, eget ultrices augue condimentum."], ["created_at", "2018-04-27 19:21:54.094811"], ["updated_at", "2018-04-27 19:21:54.094811"]]
  [1m[35m (5.4ms)[0m  [1m[35mCOMMIT[0m
  [1m[35m (0.3ms)[0m  [1m[35mBEGIN[0m
  [1m[35mSQL (0.8ms)[0m  [1m[32mINSERT INTO "users" ("name", "date", "number", "description", "created_at", "updated_at") VALUES ($1, $2, $3, $4, $5, $6) RETURNING "id"[0m  [["name", "Jared"], ["date", "1990-09-30"], ["number", 61], ["description", "Mauris at pulvinar ex. Vivamus quis aliquam arcu."], ["created_at", "2018-04-27 19:21:54.105477"], ["updated_at", "2018-04-27 19:21:54.105477"]]
  [1m[35m (5.8ms)[0m  [1m[35mCOMMIT[0m
  [1m[35m (0.3ms)[0m  [1m[35mBEGIN[0m
  [1m[35mSQL (1.0ms)[0m  [1m[32mINSERT INTO "users" ("name", "date", "number", "description", "created_at", "updated_at") VALUES ($1, $2, $3, $4, $5, $6) RETURNING "id"[0m  [["name", "Jonathan"], ["date", "1985-05-13"], ["number", 79], ["description", "Integer vitae est vel diam aliquet venenatis sit."], ["created_at", "2018-04-27 19:21:54.117230"], ["updated_at", "2018-04-27 19:21:54.117230"]]
  [1m[35m (4.4ms)[0m  [1m[35mCOMMIT[0m
  [1m[35m (0.2ms)[0m  [1m[35mBEGIN[0m
  [1m[35mSQL (0.5ms)[0m  [1m[32mINSERT INTO "users" ("name", "date", "number", "description", "created_at", "updated_at") VALUES ($1, $2, $3, $4, $5, $6) RETURNING "id"[0m  [["name", "Andrija"], ["date", "1990-05-14"], ["number", 19], ["description", "Aenean tincidunt tellus neque, ut vulputate ante rhoncus."], ["created_at", "2018-04-27 19:21:54.127231"], ["updated_at", "2018-04-27 19:21:54.127231"]]
  [1m[35m (7.4ms)[0m  [1m[35mCOMMIT[0m
  [1m[35m (0.3ms)[0m  [1m[35mBEGIN[0m
  [1m[35mSQL (0.7ms)[0m  [1m[32mINSERT INTO "users" ("name", "date", "number", "description", "created_at", "updated_at") VALUES ($1, $2, $3, $4, $5, $6) RETURNING "id"[0m  [["name", "Robert"], ["date", "1990-06-25"], ["number", 34], ["description", "Pellentesque eget tincidunt nunc. Donec in risus leo."], ["created_at", "2018-04-27 19:21:54.138730"], ["updated_at", "2018-04-27 19:21:54.138730"]]
  [1m[35m (7.6ms)[0m  [1m[35mCOMMIT[0m
  [1m[35m (0.3ms)[0m  [1m[35mBEGIN[0m
  [1m[35mSQL (0.7ms)[0m  [1m[32mINSERT INTO "users" ("name", "date", "number", "description", "created_at", "updated_at") VALUES ($1, $2, $3, $4, $5, $6) RETURNING "id"[0m  [["name", "Jovan"], ["date", "1990-04-24"], ["number", 75], ["description", "Sed ac porta lorem. Morbi sollicitudin accumsan odio."], ["created_at", "2018-04-27 19:21:54.151492"], ["updated_at", "2018-04-27 19:21:54.151492"]]
  [1m[35m (4.5ms)[0m  [1m[35mCOMMIT[0m
  [1m[35m (0.5ms)[0m  [1m[35mBEGIN[0m
  [1m[35mSQL (0.6ms)[0m  [1m[32mINSERT INTO "users" ("name", "date", "number", "description", "created_at", "updated_at") VALUES ($1, $2, $3, $4, $5, $6) RETURNING "id"[0m  [["name", "William"], ["date", "1990-01-03"], ["number", 2], ["description", "Donec at lorem dictum lectus tincidunt tempor. Sed."], ["created_at", "2018-04-27 19:21:54.161502"], ["updated_at", "2018-04-27 19:21:54.161502"]]
  [1m[35m (1.7ms)[0m  [1m[35mCOMMIT[0m
  [1m[35m (0.4ms)[0m  [1m[35mBEGIN[0m
  [1m[35mSQL (0.6ms)[0m  [1m[32mINSERT INTO "users" ("name", "date", "number", "description", "created_at", "updated_at") VALUES ($1, $2, $3, $4, $5, $6) RETURNING "id"[0m  [["name", "Federico"], ["date", "1990-01-14"], ["number", 85], ["description", "Morbi rhoncus ligula nec diam pretium, et elementum."], ["created_at", "2018-04-27 19:21:54.171822"], ["updated_at", "2018-04-27 19:21:54.171822"]]
  [1m[35m (7.4ms)[0m  [1m[35mCOMMIT[0m
  [1m[35m (1.9ms)[0m  [1m[35mBEGIN[0m
  [1m[35mSQL (0.8ms)[0m  [1m[32mINSERT INTO "users" ("name", "date", "number", "description", "created_at", "updated_at") VALUES ($1, $2, $3, $4, $5, $6) RETURNING "id"[0m  [["name", "Feleti"], ["date", "1996-03-18"], ["number", 20], ["description", "Mauris mauris dui, viverra vel erat a, molestie."], ["created_at", "2018-04-27 19:21:54.184874"], ["updated_at", "2018-04-27 19:21:54.184874"]]
  [1m[35m (3.7ms)[0m  [1m[35mCOMMIT[0m
  [1m[35m (0.2ms)[0m  [1m[35mBEGIN[0m
  [1m[35mSQL (0.5ms)[0m  [1m[32mINSERT INTO "users" ("name", "date", "number", "description", "created_at", "updated_at") VALUES ($1, $2, $3, $4, $5, $6) RETURNING "id"[0m  [["name", "Brendan"], ["date", "1996-04-04"], ["number", 16], ["description", "Morbi id quam sed orci laoreet venenatis. Sed."], ["created_at", "2018-04-27 19:21:54.194445"], ["updated_at", "2018-04-27 19:21:54.194445"]]
  [1m[35m (6.6ms)[0m  [1m[35mCOMMIT[0m
  [1m[35m (0.2ms)[0m  [1m[35mBEGIN[0m
  [1m[35mSQL (0.6ms)[0m  [1m[32mINSERT INTO "users" ("name", "date", "number", "description", "created_at", "updated_at") VALUES ($1, $2, $3, $4, $5, $6) RETURNING "id"[0m  [["name", "Michael"], ["date", "1996-08-15"], ["number", 57], ["description", "Curabitur dapibus accumsan enim, eu sodales sem bibendum."], ["created_at", "2018-04-27 19:21:54.205491"], ["updated_at", "2018-04-27 19:21:54.205491"]]
  [1m[35m (6.3ms)[0m  [1m[35mCOMMIT[0m
  [1m[35m (0.3ms)[0m  [1m[35mBEGIN[0m
  [1m[35mSQL (0.7ms)[0m  [1m[32mINSERT INTO "users" ("name", "date", "number", "description", "created_at", "updated_at") VALUES ($1, $2, $3, $4, $5, $6) RETURNING "id"[0m  [["name", "Tomas"], ["date", "1997-02-01"], ["number", 29], ["description", "Proin ac congue ante. Fusce cursus tincidunt urna."], ["created_at", "2018-04-27 19:21:54.216680"], ["updated_at", "2018-04-27 19:21:54.216680"]]
  [1m[35m (4.0ms)[0m  [1m[35mCOMMIT[0m
  [1m[35m (0.3ms)[0m  [1m[35mBEGIN[0m
  [1m[35mSQL (0.6ms)[0m  [1m[32mINSERT INTO "users" ("name", "date", "number", "description", "created_at", "updated_at") VALUES ($1, $2, $3, $4, $5, $6) RETURNING "id"[0m  [["name", "David"], ["date", "1998-06-02"], ["number", 6], ["description", "Integer gravida vulputate sapien, id commodo risus imperdiet."], ["created_at", "2018-04-27 19:21:54.227723"], ["updated_at", "2018-04-27 19:21:54.227723"]]
  [1m[35m (5.1ms)[0m  [1m[35mCOMMIT[0m
  [1m[35m (0.2ms)[0m  [1m[35mBEGIN[0m
  [1m[35mSQL (0.6ms)[0m  [1m[32mINSERT INTO "users" ("name", "date", "number", "description", "created_at", "updated_at") VALUES ($1, $2, $3, $4, $5, $6) RETURNING "id"[0m  [["name", "Vivian"], ["date", "1998-10-17"], ["number", 9], ["description", "Ut porta semper erat. In feugiat felis augue."], ["created_at", "2018-04-27 19:21:54.238540"], ["updated_at", "2018-04-27 19:21:54.238540"]]
  [1m[35m (7.0ms)[0m  [1m[35mCOMMIT[0m
  [1m[35m (0.2ms)[0m  [1m[35mBEGIN[0m
  [1m[35mSQL (0.6ms)[0m  [1m[32mINSERT INTO "users" ("name", "date", "number", "description", "created_at", "updated_at") VALUES ($1, $2, $3, $4, $5, $6) RETURNING "id"[0m  [["name", "Patrick"], ["date", "1999-02-08"], ["number", 40], ["description", "Praesent vel tincidunt metus, at venenatis dolor. Duis."], ["created_at", "2018-04-27 19:21:54.249621"], ["updated_at", "2018-04-27 19:21:54.249621"]]
  [1m[35m (7.1ms)[0m  [1m[35mCOMMIT[0m
  [1m[35m (0.2ms)[0m  [1m[35mBEGIN[0m
  [1m[35mSQL (0.5ms)[0m  [1m[32mINSERT INTO "users" ("name", "date", "number", "description", "created_at", "updated_at") VALUES ($1, $2, $3, $4, $5, $6) RETURNING "id"[0m  [["name", "Andrew"], ["date", "1999-03-28"], ["number", 74], ["description", "Etiam in felis interdum, mattis nunc ac, congue."], ["created_at", "2018-04-27 19:21:54.260696"], ["updated_at", "2018-04-27 19:21:54.260696"]]
  [1m[35m (7.3ms)[0m  [1m[35mCOMMIT[0m
  [1m[35m (0.2ms)[0m  [1m[35mBEGIN[0m
  [1m[35mSQL (0.6ms)[0m  [1m[32mINSERT INTO "users" ("name", "date", "number", "description", "created_at", "updated_at") VALUES ($1, $2, $3, $4, $5, $6) RETURNING "id"[0m  [["name", "Fred"], ["date", "1999-10-09"], ["number", 36], ["description", "Mauris euismod vestibulum auctor. Quisque neque metus, tristique."], ["created_at", "2018-04-27 19:21:54.272399"], ["updated_at", "2018-04-27 19:21:54.272399"]]
  [1m[35m (5.9ms)[0m  [1m[35mCOMMIT[0m
Completed 500 Internal Server Error in 995ms (ActiveRecord: 665.0ms)


  
NameError (undefined local variable or method `ddd' for #<UsersController:0x007f9f304c6ae0>):
  
app/controllers/users_controller.rb:9:in `read_csv'
Started GET "/users" for 127.0.0.1 at 2018-04-28 00:23:56 +0500
Processing by UsersController#index as HTML
  Rendering users/index.html.slim within layouts/application
  Rendered users/index.html.slim within layouts/application (12.0ms)
Completed 500 Internal Server Error in 19ms (ActiveRecord: 0.0ms)


  
ActionView::Template::Error (undefined method `each' for nil:NilClass):
     6:       th number
     7:       th description
     8:   tbody
     9:     = @users.each do |user|
    10:       tr
    11:         th= user.name
    12:         th= user.date
  
app/views/users/index.html.slim:9:in `_app_views_users_index_html_slim___3323812204170873615_70160942789300'
Started GET "/users" for 127.0.0.1 at 2018-04-28 00:24:19 +0500
Processing by UsersController#index as HTML
  Rendering users/index.html.slim within layouts/application
  [1m[36mUser Load (0.5ms)[0m  [1m[34mSELECT "users".* FROM "users"[0m
  Rendered users/index.html.slim within layouts/application (61.0ms)
Completed 200 OK in 102ms (Views: 79.1ms | ActiveRecord: 5.4ms)


Started GET "/users" for 127.0.0.1 at 2018-04-28 00:24:39 +0500
Processing by UsersController#index as HTML
  Rendering users/index.html.slim within layouts/application
  [1m[36mUser Load (0.6ms)[0m  [1m[34mSELECT "users".* FROM "users"[0m
  Rendered users/index.html.slim within layouts/application (17.2ms)
Completed 200 OK in 49ms (Views: 46.1ms | ActiveRecord: 0.6ms)


Started GET "/" for 127.0.0.1 at 2018-04-28 00:25:01 +0500
Processing by WelcomeController#index as HTML
  Rendering welcome/index.html.slim within layouts/application
  Rendered welcome/index.html.slim within layouts/application (12.3ms)
Completed 200 OK in 57ms (Views: 54.4ms | ActiveRecord: 0.0ms)


Started GET "/" for 127.0.0.1 at 2018-04-28 00:28:54 +0500
Processing by WelcomeController#index as HTML
  Rendering welcome/index.html.slim within layouts/application
  Rendered welcome/index.html.slim within layouts/application (7.5ms)
Completed 500 Internal Server Error in 32ms (ActiveRecord: 0.0ms)


  
ActionView::Template::Error (Missing partial layouts/_messages with {:locale=>[:en], :formats=>[:html], :variants=>[], :handlers=>[:raw, :erb, :html, :builder, :ruby, :slim, :coffee, :jbuilder]}. Searched in:
  * "/home/irfan/projects/visit/app/views"
):
     9:   </head>
    10: 
    11:   <body>
    12:   	<%= render 'layouts/messages'%>
    13:     <%= yield %>
    14:   </body>
    15: </html>
  
app/views/layouts/application.html.erb:12:in `_app_views_layouts_application_html_erb__1884503711742235996_70160943610360'
Started GET "/" for 127.0.0.1 at 2018-04-28 00:29:08 +0500
Processing by WelcomeController#index as HTML
  Rendering welcome/index.html.slim within layouts/application
  Rendered welcome/index.html.slim within layouts/application (13.5ms)
  Rendered layouts/_message.html.erb (1.3ms)
Completed 200 OK in 75ms (Views: 73.2ms | ActiveRecord: 0.0ms)


Started GET "/users" for 127.0.0.1 at 2018-04-28 00:33:07 +0500
Processing by UsersController#index as HTML
  Rendering users/index.html.slim within layouts/application
  [1m[36mUser Load (3.1ms)[0m  [1m[34mSELECT "users".* FROM "users"[0m
  Rendered users/index.html.slim within layouts/application (38.2ms)
  Rendered layouts/_message.html.erb (0.9ms)
Completed 200 OK in 77ms (Views: 61.3ms | ActiveRecord: 8.7ms)


Started GET "/users/import" for 127.0.0.1 at 2018-04-28 00:33:09 +0500
Processing by UsersController#import as HTML
  Rendering users/import.html.slim within layouts/application
  Rendered users/import.html.slim within layouts/application (5.8ms)
  Rendered layouts/_message.html.erb (0.8ms)
Completed 200 OK in 39ms (Views: 37.0ms | ActiveRecord: 0.0ms)


Started POST "/users/read_csv" for 127.0.0.1 at 2018-04-28 00:33:19 +0500
Processing by UsersController#read_csv as HTML
  Parameters: {"utf8"=>"✓", "authenticity_token"=>"gLfKl28UbKr38mPmmdL2qwepZ/bHJeM+Ff+9tih0kSDzFKIahmFWGmoEJBJpQJJIcTbe8VZG4r+s97KGggdb1g==", "csv"=>#<ActionDispatch::Http::UploadedFile:0x007f9f381df7c0 @tempfile=#<Tempfile:/tmp/RackMultipart20180428-29967-1hcd13c.csv>, @original_filename="test.csv", @content_type="text/csv", @headers="Content-Disposition: form-data; name=\"csv\"; filename=\"test.csv\"\r\nContent-Type: text/csv\r\n">, "commit"=>"Upload"}
Completed 500 Internal Server Error in 1ms (ActiveRecord: 0.0ms)


  
NoMethodError (undefined method `include?' for #<ActionDispatch::Http::UploadedFile:0x007f9f381df7c0>):
  
app/controllers/users_controller.rb:8:in `read_csv'
Started POST "/users/read_csv" for 127.0.0.1 at 2018-04-28 00:33:58 +0500
Processing by UsersController#read_csv as HTML
Completed 500 Internal Server Error in 1ms (ActiveRecord: 0.0ms)


  
NoMethodError (undefined method `filename' for nil:NilClass):
  
app/controllers/users_controller.rb:8:in `read_csv'
Started POST "/users/read_csv" for 127.0.0.1 at 2018-04-28 00:34:17 +0500
Processing by UsersController#read_csv as HTML
Completed 500 Internal Server Error in 2ms (ActiveRecord: 0.0ms)


  
NoMethodError (undefined method `path' for nil:NilClass):
  
app/controllers/users_controller.rb:8:in `read_csv'
Started GET "/users" for 127.0.0.1 at 2018-04-28 00:34:53 +0500
Processing by UsersController#index as HTML
  Rendering users/index.html.slim within layouts/application
  [1m[36mUser Load (1.4ms)[0m  [1m[34mSELECT "users".* FROM "users"[0m
  Rendered users/index.html.slim within layouts/application (35.8ms)
  Rendered layouts/_message.html.erb (1.0ms)
Completed 200 OK in 74ms (Views: 60.3ms | ActiveRecord: 7.3ms)


Started GET "/users/import" for 127.0.0.1 at 2018-04-28 00:34:55 +0500
Processing by UsersController#import as HTML
  Rendering users/import.html.slim within layouts/application
  Rendered users/import.html.slim within layouts/application (8.5ms)
  Rendered layouts/_message.html.erb (1.1ms)
Completed 200 OK in 38ms (Views: 36.3ms | ActiveRecord: 0.0ms)


Started POST "/users/read_csv" for 127.0.0.1 at 2018-04-28 00:35:02 +0500
Processing by UsersController#read_csv as HTML
  Parameters: {"utf8"=>"✓", "authenticity_token"=>"7A/pirzjQeHDPR7r3QlUGYnJ/gl521BtkVmJPQG3AiefrIEHVZZ7UV7LWR8tmzD6/1ZHDui4UewoUYYNq8TI0Q==", "csv"=>#<ActionDispatch::Http::UploadedFile:0x007f9f3480b198 @tempfile=#<Tempfile:/tmp/RackMultipart20180428-29967-ley9t2.csv>, @original_filename="test.csv", @content_type="text/csv", @headers="Content-Disposition: form-data; name=\"csv\"; filename=\"test.csv\"\r\nContent-Type: text/csv\r\n">, "commit"=>"Upload"}
  [1m[35m (0.2ms)[0m  [1m[35mBEGIN[0m
  [1m[35mSQL (0.6ms)[0m  [1m[32mINSERT INTO "users" ("name", "date", "number", "description", "created_at", "updated_at") VALUES ($1, $2, $3, $4, $5, $6) RETURNING "id"[0m  [["name", "Paul"], ["date", "1988-08-28"], ["number", 33], ["description", "Vivamus id ligula rutrum, this man is the greatest there ever was."], ["created_at", "2018-04-27 19:35:02.129087"], ["updated_at", "2018-04-27 19:35:02.129087"]]
  [1m[35m (147.8ms)[0m  [1m[35mCOMMIT[0m
  [1m[35m (0.2ms)[0m  [1m[35mBEGIN[0m
  [1m[35mSQL (0.5ms)[0m  [1m[32mINSERT INTO "users" ("name", "date", "number", "description", "created_at", "updated_at") VALUES ($1, $2, $3, $4, $5, $6) RETURNING "id"[0m  [["name", "Troy"], ["date", "1988-02-28"], ["number", 85], ["description", "Maecenas vitae ultricies purus, id posuere sem. Mauris."], ["created_at", "2018-04-27 19:35:02.281256"], ["updated_at", "2018-04-27 19:35:02.281256"]]
  [1m[35m (38.7ms)[0m  [1m[35mCOMMIT[0m
  [1m[35m (0.2ms)[0m  [1m[35mBEGIN[0m
  [1m[35mSQL (0.5ms)[0m  [1m[32mINSERT INTO "users" ("name", "date", "number", "description", "created_at", "updated_at") VALUES ($1, $2, $3, $4, $5, $6) RETURNING "id"[0m  [["name", "Tom"], ["date", "1982-03-15"], ["number", 37], ["description", "Maecenas a velit metus. Duis malesuada ligula et."], ["created_at", "2018-04-27 19:35:02.323645"], ["updated_at", "2018-04-27 19:35:02.323645"]]
  [1m[35m (63.9ms)[0m  [1m[35mCOMMIT[0m
  [1m[35m (0.2ms)[0m  [1m[35mBEGIN[0m
  [1m[35mSQL (0.5ms)[0m  [1m[32mINSERT INTO "users" ("name", "date", "number", "description", "created_at", "updated_at") VALUES ($1, $2, $3, $4, $5, $6) RETURNING "id"[0m  [["name", "Liam"], ["date", "1988-06-22"], ["number", 35], ["description", "Nulla mollis sodales ligula, eget ultrices augue condimentum."], ["created_at", "2018-04-27 19:35:02.391077"], ["updated_at", "2018-04-27 19:35:02.391077"]]
  [1m[35m (39.9ms)[0m  [1m[35mCOMMIT[0m
  [1m[35m (0.2ms)[0m  [1m[35mBEGIN[0m
  [1m[35mSQL (0.5ms)[0m  [1m[32mINSERT INTO "users" ("name", "date", "number", "description", "created_at", "updated_at") VALUES ($1, $2, $3, $4, $5, $6) RETURNING "id"[0m  [["name", "Jared"], ["date", "1990-09-30"], ["number", 61], ["description", "Mauris at pulvinar ex. Vivamus quis aliquam arcu."], ["created_at", "2018-04-27 19:35:02.434791"], ["updated_at", "2018-04-27 19:35:02.434791"]]
  [1m[35m (63.9ms)[0m  [1m[35mCOMMIT[0m
  [1m[35m (0.2ms)[0m  [1m[35mBEGIN[0m
  [1m[35mSQL (0.5ms)[0m  [1m[32mINSERT INTO "users" ("name", "date", "number", "description", "created_at", "updated_at") VALUES ($1, $2, $3, $4, $5, $6) RETURNING "id"[0m  [["name", "Jonathan"], ["date", "1985-05-13"], ["number", 79], ["description", "Integer vitae est vel diam aliquet venenatis sit."], ["created_at", "2018-04-27 19:35:02.502277"], ["updated_at", "2018-04-27 19:35:02.502277"]]
  [1m[35m (40.0ms)[0m  [1m[35mCOMMIT[0m
  [1m[35m (0.3ms)[0m  [1m[35mBEGIN[0m
  [1m[35mSQL (0.5ms)[0m  [1m[32mINSERT INTO "users" ("name", "date", "number", "description", "created_at", "updated_at") VALUES ($1, $2, $3, $4, $5, $6) RETURNING "id"[0m  [["name", "Andrija"], ["date", "1990-05-14"], ["number", 19], ["description", "Aenean tincidunt tellus neque, ut vulputate ante rhoncus."], ["created_at", "2018-04-27 19:35:02.546354"], ["updated_at", "2018-04-27 19:35:02.546354"]]
  [1m[35m (51.5ms)[0m  [1m[35mCOMMIT[0m
  [1m[35m (0.2ms)[0m  [1m[35mBEGIN[0m
  [1m[35mSQL (0.7ms)[0m  [1m[32mINSERT INTO "users" ("name", "date", "number", "description", "created_at", "updated_at") VALUES ($1, $2, $3, $4, $5, $6) RETURNING "id"[0m  [["name", "Robert"], ["date", "1990-06-25"], ["number", 34], ["description", "Pellentesque eget tincidunt nunc. Donec in risus leo."], ["created_at", "2018-04-27 19:35:02.601697"], ["updated_at", "2018-04-27 19:35:02.601697"]]
  [1m[35m (6.0ms)[0m  [1m[35mCOMMIT[0m
  [1m[35m (0.2ms)[0m  [1m[35mBEGIN[0m
  [1m[35mSQL (0.5ms)[0m  [1m[32mINSERT INTO "users" ("name", "date", "number", "description", "created_at", "updated_at") VALUES ($1, $2, $3, $4, $5, $6) RETURNING "id"[0m  [["name", "Jovan"], ["date", "1990-04-24"], ["number", 75], ["description", "Sed ac porta lorem. Morbi sollicitudin accumsan odio."], ["created_at", "2018-04-27 19:35:02.612377"], ["updated_at", "2018-04-27 19:35:02.612377"]]
  [1m[35m (6.9ms)[0m  [1m[35mCOMMIT[0m
  [1m[35m (0.2ms)[0m  [1m[35mBEGIN[0m
  [1m[35mSQL (0.5ms)[0m  [1m[32mINSERT INTO "users" ("name", "date", "number", "description", "created_at", "updated_at") VALUES ($1, $2, $3, $4, $5, $6) RETURNING "id"[0m  [["name", "William"], ["date", "1990-01-03"], ["number", 2], ["description", "Donec at lorem dictum lectus tincidunt tempor. Sed."], ["created_at", "2018-04-27 19:35:02.623666"], ["updated_at", "2018-04-27 19:35:02.623666"]]
  [1m[35m (7.5ms)[0m  [1m[35mCOMMIT[0m
  [1m[35m (0.2ms)[0m  [1m[35mBEGIN[0m
  [1m[35mSQL (0.5ms)[0m  [1m[32mINSERT INTO "users" ("name", "date", "number", "description", "created_at", "updated_at") VALUES ($1, $2, $3, $4, $5, $6) RETURNING "id"[0m  [["name", "Federico"], ["date", "1990-01-14"], ["number", 85], ["description", "Morbi rhoncus ligula nec diam pretium, et elementum."], ["created_at", "2018-04-27 19:35:02.635606"], ["updated_at", "2018-04-27 19:35:02.635606"]]
  [1m[35m (5.3ms)[0m  [1m[35mCOMMIT[0m
  [1m[35m (0.2ms)[0m  [1m[35mBEGIN[0m
  [1m[35mSQL (0.6ms)[0m  [1m[32mINSERT INTO "users" ("name", "date", "number", "description", "created_at", "updated_at") VALUES ($1, $2, $3, $4, $5, $6) RETURNING "id"[0m  [["name", "Feleti"], ["date", "1996-03-18"], ["number", 20], ["description", "Mauris mauris dui, viverra vel erat a, molestie."], ["created_at", "2018-04-27 19:35:02.645714"], ["updated_at", "2018-04-27 19:35:02.645714"]]
  [1m[35m (7.2ms)[0m  [1m[35mCOMMIT[0m
  [1m[35m (0.2ms)[0m  [1m[35mBEGIN[0m
  [1m[35mSQL (0.5ms)[0m  [1m[32mINSERT INTO "users" ("name", "date", "number", "description", "created_at", "updated_at") VALUES ($1, $2, $3, $4, $5, $6) RETURNING "id"[0m  [["name", "Brendan"], ["date", "1996-04-04"], ["number", 16], ["description", "Morbi id quam sed orci laoreet venenatis. Sed."], ["created_at", "2018-04-27 19:35:02.657155"], ["updated_at", "2018-04-27 19:35:02.657155"]]
  [1m[35m (7.1ms)[0m  [1m[35mCOMMIT[0m
  [1m[35m (0.8ms)[0m  [1m[35mBEGIN[0m
  [1m[35mSQL (0.8ms)[0m  [1m[32mINSERT INTO "users" ("name", "date", "number", "description", "created_at", "updated_at") VALUES ($1, $2, $3, $4, $5, $6) RETURNING "id"[0m  [["name", "Michael"], ["date", "1996-08-15"], ["number", 57], ["description", "Curabitur dapibus accumsan enim, eu sodales sem bibendum."], ["created_at", "2018-04-27 19:35:02.670698"], ["updated_at", "2018-04-27 19:35:02.670698"]]
  [1m[35m (3.5ms)[0m  [1m[35mCOMMIT[0m
  [1m[35m (0.2ms)[0m  [1m[35mBEGIN[0m
  [1m[35mSQL (0.9ms)[0m  [1m[32mINSERT INTO "users" ("name", "date", "number", "description", "created_at", "updated_at") VALUES ($1, $2, $3, $4, $5, $6) RETURNING "id"[0m  [["name", "Tomas"], ["date", "1997-02-01"], ["number", 29], ["description", "Proin ac congue ante. Fusce cursus tincidunt urna."], ["created_at", "2018-04-27 19:35:02.679652"], ["updated_at", "2018-04-27 19:35:02.679652"]]
  [1m[35m (6.1ms)[0m  [1m[35mCOMMIT[0m
  [1m[35m (0.3ms)[0m  [1m[35mBEGIN[0m
  [1m[35mSQL (0.6ms)[0m  [1m[32mINSERT INTO "users" ("name", "date", "number", "description", "created_at", "updated_at") VALUES ($1, $2, $3, $4, $5, $6) RETURNING "id"[0m  [["name", "David"], ["date", "1998-06-02"], ["number", 6], ["description", "Integer gravida vulputate sapien, id commodo risus imperdiet."], ["created_at", "2018-04-27 19:35:02.690967"], ["updated_at", "2018-04-27 19:35:02.690967"]]
  [1m[35m (6.1ms)[0m  [1m[35mCOMMIT[0m
  [1m[35m (0.9ms)[0m  [1m[35mBEGIN[0m
  [1m[35mSQL (0.6ms)[0m  [1m[32mINSERT INTO "users" ("name", "date", "number", "description", "created_at", "updated_at") VALUES ($1, $2, $3, $4, $5, $6) RETURNING "id"[0m  [["name", "Vivian"], ["date", "1998-10-17"], ["number", 9], ["description", "Ut porta semper erat. In feugiat felis augue."], ["created_at", "2018-04-27 19:35:02.702592"], ["updated_at", "2018-04-27 19:35:02.702592"]]
  [1m[35m (5.7ms)[0m  [1m[35mCOMMIT[0m
  [1m[35m (0.2ms)[0m  [1m[35mBEGIN[0m
  [1m[35mSQL (0.7ms)[0m  [1m[32mINSERT INTO "users" ("name", "date", "number", "description", "created_at", "updated_at") VALUES ($1, $2, $3, $4, $5, $6) RETURNING "id"[0m  [["name", "Patrick"], ["date", "1999-02-08"], ["number", 40], ["description", "Praesent vel tincidunt metus, at venenatis dolor. Duis."], ["created_at", "2018-04-27 19:35:02.712684"], ["updated_at", "2018-04-27 19:35:02.712684"]]
  [1m[35m (6.7ms)[0m  [1m[35mCOMMIT[0m
  [1m[35m (0.2ms)[0m  [1m[35mBEGIN[0m
  [1m[35mSQL (0.7ms)[0m  [1m[32mINSERT INTO "users" ("name", "date", "number", "description", "created_at", "updated_at") VALUES ($1, $2, $3, $4, $5, $6) RETURNING "id"[0m  [["name", "Andrew"], ["date", "1999-03-28"], ["number", 74], ["description", "Etiam in felis interdum, mattis nunc ac, congue."], ["created_at", "2018-04-27 19:35:02.723963"], ["updated_at", "2018-04-27 19:35:02.723963"]]
  [1m[35m (6.3ms)[0m  [1m[35mCOMMIT[0m
  [1m[35m (0.3ms)[0m  [1m[35mBEGIN[0m
  [1m[35mSQL (0.8ms)[0m  [1m[32mINSERT INTO "users" ("name", "date", "number", "description", "created_at", "updated_at") VALUES ($1, $2, $3, $4, $5, $6) RETURNING "id"[0m  [["name", "Fred"], ["date", "1999-10-09"], ["number", 36], ["description", "Mauris euismod vestibulum auctor. Quisque neque metus, tristique."], ["created_at", "2018-04-27 19:35:02.735113"], ["updated_at", "2018-04-27 19:35:02.735113"]]
  [1m[35m (6.4ms)[0m  [1m[35mCOMMIT[0m
Redirected to http://localhost:3000/users
Completed 302 Found in 620ms (ActiveRecord: 544.3ms)


Started GET "/users" for 127.0.0.1 at 2018-04-28 00:35:02 +0500
Processing by UsersController#index as HTML
  Rendering users/index.html.slim within layouts/application
  [1m[36mUser Load (0.6ms)[0m  [1m[34mSELECT "users".* FROM "users"[0m
  Rendered users/index.html.slim within layouts/application (13.5ms)
  Rendered layouts/_message.html.erb (1.0ms)
Completed 200 OK in 43ms (Views: 40.7ms | ActiveRecord: 0.6ms)


Started GET "/" for 127.0.0.1 at 2018-04-28 00:35:17 +0500
Processing by WelcomeController#index as HTML
  Rendering welcome/index.html.slim within layouts/application
  Rendered welcome/index.html.slim within layouts/application (10.8ms)
  Rendered layouts/_message.html.erb (0.9ms)
Completed 200 OK in 50ms (Views: 48.0ms | ActiveRecord: 0.0ms)


  [1m[36mUser Load (0.9ms)[0m  [1m[34mSELECT "users".* FROM "users"[0m
  [1m[35m (0.2ms)[0m  [1m[35mBEGIN[0m
  [1m[35mSQL (20.5ms)[0m  [1m[31mDELETE FROM "users" WHERE "users"."id" = $1[0m  [["id", 1]]
  [1m[35m (20.5ms)[0m  [1m[35mCOMMIT[0m
  [1m[35m (0.2ms)[0m  [1m[35mBEGIN[0m
  [1m[35mSQL (0.6ms)[0m  [1m[31mDELETE FROM "users" WHERE "users"."id" = $1[0m  [["id", 2]]
  [1m[35m (7.9ms)[0m  [1m[35mCOMMIT[0m
  [1m[35m (0.2ms)[0m  [1m[35mBEGIN[0m
  [1m[35mSQL (0.6ms)[0m  [1m[31mDELETE FROM "users" WHERE "users"."id" = $1[0m  [["id", 3]]
  [1m[35m (10.0ms)[0m  [1m[35mCOMMIT[0m
  [1m[35m (0.2ms)[0m  [1m[35mBEGIN[0m
  [1m[35mSQL (0.7ms)[0m  [1m[31mDELETE FROM "users" WHERE "users"."id" = $1[0m  [["id", 4]]
  [1m[35m (6.2ms)[0m  [1m[35mCOMMIT[0m
  [1m[35m (0.2ms)[0m  [1m[35mBEGIN[0m
  [1m[35mSQL (0.5ms)[0m  [1m[31mDELETE FROM "users" WHERE "users"."id" = $1[0m  [["id", 5]]
  [1m[35m (8.5ms)[0m  [1m[35mCOMMIT[0m
  [1m[35m (0.2ms)[0m  [1m[35mBEGIN[0m
  [1m[35mSQL (0.6ms)[0m  [1m[31mDELETE FROM "users" WHERE "users"."id" = $1[0m  [["id", 6]]
  [1m[35m (8.2ms)[0m  [1m[35mCOMMIT[0m
  [1m[35m (0.2ms)[0m  [1m[35mBEGIN[0m
  [1m[35mSQL (0.5ms)[0m  [1m[31mDELETE FROM "users" WHERE "users"."id" = $1[0m  [["id", 7]]
  [1m[35m (8.5ms)[0m  [1m[35mCOMMIT[0m
  [1m[35m (0.2ms)[0m  [1m[35mBEGIN[0m
  [1m[35mSQL (0.5ms)[0m  [1m[31mDELETE FROM "users" WHERE "users"."id" = $1[0m  [["id", 8]]
  [1m[35m (8.7ms)[0m  [1m[35mCOMMIT[0m
  [1m[35m (0.2ms)[0m  [1m[35mBEGIN[0m
  [1m[35mSQL (0.6ms)[0m  [1m[31mDELETE FROM "users" WHERE "users"."id" = $1[0m  [["id", 9]]
  [1m[35m (8.4ms)[0m  [1m[35mCOMMIT[0m
  [1m[35m (0.2ms)[0m  [1m[35mBEGIN[0m
  [1m[35mSQL (0.6ms)[0m  [1m[31mDELETE FROM "users" WHERE "users"."id" = $1[0m  [["id", 10]]
  [1m[35m (8.0ms)[0m  [1m[35mCOMMIT[0m
  [1m[35m (0.2ms)[0m  [1m[35mBEGIN[0m
  [1m[35mSQL (0.6ms)[0m  [1m[31mDELETE FROM "users" WHERE "users"."id" = $1[0m  [["id", 11]]
  [1m[35m (8.4ms)[0m  [1m[35mCOMMIT[0m
  [1m[35m (0.2ms)[0m  [1m[35mBEGIN[0m
  [1m[35mSQL (3.7ms)[0m  [1m[31mDELETE FROM "users" WHERE "users"."id" = $1[0m  [["id", 12]]
  [1m[35m (5.1ms)[0m  [1m[35mCOMMIT[0m
  [1m[35m (0.2ms)[0m  [1m[35mBEGIN[0m
  [1m[35mSQL (0.6ms)[0m  [1m[31mDELETE FROM "users" WHERE "users"."id" = $1[0m  [["id", 13]]
  [1m[35m (7.8ms)[0m  [1m[35mCOMMIT[0m
  [1m[35m (0.2ms)[0m  [1m[35mBEGIN[0m
  [1m[35mSQL (0.6ms)[0m  [1m[31mDELETE FROM "users" WHERE "users"."id" = $1[0m  [["id", 14]]
  [1m[35m (8.1ms)[0m  [1m[35mCOMMIT[0m
  [1m[35m (0.3ms)[0m  [1m[35mBEGIN[0m
  [1m[35mSQL (0.9ms)[0m  [1m[31mDELETE FROM "users" WHERE "users"."id" = $1[0m  [["id", 15]]
  [1m[35m (7.5ms)[0m  [1m[35mCOMMIT[0m
  [1m[35m (0.2ms)[0m  [1m[35mBEGIN[0m
  [1m[35mSQL (0.6ms)[0m  [1m[31mDELETE FROM "users" WHERE "users"."id" = $1[0m  [["id", 16]]
  [1m[35m (7.8ms)[0m  [1m[35mCOMMIT[0m
  [1m[35m (0.2ms)[0m  [1m[35mBEGIN[0m
  [1m[35mSQL (0.6ms)[0m  [1m[31mDELETE FROM "users" WHERE "users"."id" = $1[0m  [["id", 17]]
  [1m[35m (8.3ms)[0m  [1m[35mCOMMIT[0m
  [1m[35m (0.3ms)[0m  [1m[35mBEGIN[0m
  [1m[35mSQL (0.6ms)[0m  [1m[31mDELETE FROM "users" WHERE "users"."id" = $1[0m  [["id", 18]]
  [1m[35m (6.9ms)[0m  [1m[35mCOMMIT[0m
  [1m[35m (0.2ms)[0m  [1m[35mBEGIN[0m
  [1m[35mSQL (0.6ms)[0m  [1m[31mDELETE FROM "users" WHERE "users"."id" = $1[0m  [["id", 19]]
  [1m[35m (8.1ms)[0m  [1m[35mCOMMIT[0m
  [1m[35m (0.2ms)[0m  [1m[35mBEGIN[0m
  [1m[35mSQL (0.5ms)[0m  [1m[31mDELETE FROM "users" WHERE "users"."id" = $1[0m  [["id", 20]]
  [1m[35m (8.5ms)[0m  [1m[35mCOMMIT[0m
  [1m[35m (0.2ms)[0m  [1m[35mBEGIN[0m
  [1m[35mSQL (0.7ms)[0m  [1m[31mDELETE FROM "users" WHERE "users"."id" = $1[0m  [["id", 21]]
  [1m[35m (8.0ms)[0m  [1m[35mCOMMIT[0m
  [1m[35m (0.2ms)[0m  [1m[35mBEGIN[0m
  [1m[35mSQL (0.5ms)[0m  [1m[31mDELETE FROM "users" WHERE "users"."id" = $1[0m  [["id", 22]]
  [1m[35m (8.4ms)[0m  [1m[35mCOMMIT[0m
  [1m[35m (0.2ms)[0m  [1m[35mBEGIN[0m
  [1m[35mSQL (0.7ms)[0m  [1m[31mDELETE FROM "users" WHERE "users"."id" = $1[0m  [["id", 23]]
  [1m[35m (5.0ms)[0m  [1m[35mCOMMIT[0m
  [1m[35m (0.2ms)[0m  [1m[35mBEGIN[0m
  [1m[35mSQL (0.6ms)[0m  [1m[31mDELETE FROM "users" WHERE "users"."id" = $1[0m  [["id", 24]]
  [1m[35m (8.2ms)[0m  [1m[35mCOMMIT[0m
  [1m[35m (0.2ms)[0m  [1m[35mBEGIN[0m
  [1m[35mSQL (0.5ms)[0m  [1m[31mDELETE FROM "users" WHERE "users"."id" = $1[0m  [["id", 25]]
  [1m[35m (8.7ms)[0m  [1m[35mCOMMIT[0m
  [1m[35m (0.2ms)[0m  [1m[35mBEGIN[0m
  [1m[35mSQL (0.9ms)[0m  [1m[31mDELETE FROM "users" WHERE "users"."id" = $1[0m  [["id", 26]]
  [1m[35m (7.2ms)[0m  [1m[35mCOMMIT[0m
  [1m[35m (0.3ms)[0m  [1m[35mBEGIN[0m
  [1m[35mSQL (0.6ms)[0m  [1m[31mDELETE FROM "users" WHERE "users"."id" = $1[0m  [["id", 27]]
  [1m[35m (7.9ms)[0m  [1m[35mCOMMIT[0m
  [1m[35m (0.2ms)[0m  [1m[35mBEGIN[0m
  [1m[35mSQL (0.5ms)[0m  [1m[31mDELETE FROM "users" WHERE "users"."id" = $1[0m  [["id", 28]]
  [1m[35m (8.5ms)[0m  [1m[35mCOMMIT[0m
  [1m[35m (0.2ms)[0m  [1m[35mBEGIN[0m
  [1m[35mSQL (0.6ms)[0m  [1m[31mDELETE FROM "users" WHERE "users"."id" = $1[0m  [["id", 29]]
  [1m[35m (7.0ms)[0m  [1m[35mCOMMIT[0m
  [1m[35m (0.2ms)[0m  [1m[35mBEGIN[0m
  [1m[35mSQL (0.6ms)[0m  [1m[31mDELETE FROM "users" WHERE "users"."id" = $1[0m  [["id", 30]]
  [1m[35m (8.1ms)[0m  [1m[35mCOMMIT[0m
  [1m[35m (0.2ms)[0m  [1m[35mBEGIN[0m
  [1m[35mSQL (0.6ms)[0m  [1m[31mDELETE FROM "users" WHERE "users"."id" = $1[0m  [["id", 31]]
  [1m[35m (8.1ms)[0m  [1m[35mCOMMIT[0m
  [1m[35m (0.2ms)[0m  [1m[35mBEGIN[0m
  [1m[35mSQL (0.5ms)[0m  [1m[31mDELETE FROM "users" WHERE "users"."id" = $1[0m  [["id", 32]]
  [1m[35m (8.9ms)[0m  [1m[35mCOMMIT[0m
  [1m[35m (0.2ms)[0m  [1m[35mBEGIN[0m
  [1m[35mSQL (0.5ms)[0m  [1m[31mDELETE FROM "users" WHERE "users"."id" = $1[0m  [["id", 33]]
  [1m[35m (7.9ms)[0m  [1m[35mCOMMIT[0m
  [1m[35m (0.5ms)[0m  [1m[35mBEGIN[0m
  [1m[35mSQL (1.9ms)[0m  [1m[31mDELETE FROM "users" WHERE "users"."id" = $1[0m  [["id", 34]]
  [1m[35m (5.9ms)[0m  [1m[35mCOMMIT[0m
  [1m[35m (0.2ms)[0m  [1m[35mBEGIN[0m
  [1m[35mSQL (0.6ms)[0m  [1m[31mDELETE FROM "users" WHERE "users"."id" = $1[0m  [["id", 35]]
  [1m[35m (7.7ms)[0m  [1m[35mCOMMIT[0m
  [1m[35m (0.2ms)[0m  [1m[35mBEGIN[0m
  [1m[35mSQL (0.6ms)[0m  [1m[31mDELETE FROM "users" WHERE "users"."id" = $1[0m  [["id", 36]]
  [1m[35m (8.4ms)[0m  [1m[35mCOMMIT[0m
  [1m[35m (0.3ms)[0m  [1m[35mBEGIN[0m
  [1m[35mSQL (0.7ms)[0m  [1m[31mDELETE FROM "users" WHERE "users"."id" = $1[0m  [["id", 37]]
  [1m[35m (7.6ms)[0m  [1m[35mCOMMIT[0m
  [1m[35m (0.2ms)[0m  [1m[35mBEGIN[0m
  [1m[35mSQL (0.6ms)[0m  [1m[31mDELETE FROM "users" WHERE "users"."id" = $1[0m  [["id", 38]]
  [1m[35m (7.9ms)[0m  [1m[35mCOMMIT[0m
  [1m[35m (0.2ms)[0m  [1m[35mBEGIN[0m
  [1m[35mSQL (0.5ms)[0m  [1m[31mDELETE FROM "users" WHERE "users"."id" = $1[0m  [["id", 39]]
  [1m[35m (8.5ms)[0m  [1m[35mCOMMIT[0m
  [1m[35m (0.2ms)[0m  [1m[35mBEGIN[0m
  [1m[35mSQL (0.6ms)[0m  [1m[31mDELETE FROM "users" WHERE "users"."id" = $1[0m  [["id", 40]]
  [1m[35m (7.3ms)[0m  [1m[35mCOMMIT[0m
Started GET "/users" for 127.0.0.1 at 2018-04-28 00:37:24 +0500
Processing by UsersController#index as HTML
  Rendering users/index.html.slim within layouts/application
  [1m[36mUser Load (0.4ms)[0m  [1m[34mSELECT "users".* FROM "users"[0m
  Rendered users/index.html.slim within layouts/application (13.1ms)
  Rendered layouts/_message.html.erb (0.9ms)
Completed 200 OK in 50ms (Views: 35.6ms | ActiveRecord: 2.3ms)


Started GET "/users/import" for 127.0.0.1 at 2018-04-28 00:37:26 +0500
Processing by UsersController#import as HTML
  Rendering users/import.html.slim within layouts/application
  Rendered users/import.html.slim within layouts/application (7.9ms)
  Rendered layouts/_message.html.erb (0.9ms)
Completed 200 OK in 40ms (Views: 37.9ms | ActiveRecord: 0.0ms)


Started POST "/users/read_csv" for 127.0.0.1 at 2018-04-28 00:37:32 +0500
Processing by UsersController#read_csv as HTML
  Parameters: {"utf8"=>"✓", "authenticity_token"=>"Q3UeLRRppI++QDFFLzxg6kESh/46gE10cK7GP63ENPAw1nag/RyePyO2drHfrgQJN40++avjTPXJpskPB7f+Bg==", "csv"=>#<ActionDispatch::Http::UploadedFile:0x007f9f30045430 @tempfile=#<Tempfile:/tmp/RackMultipart20180428-29967-16xpg1k.csv>, @original_filename="test.csv", @content_type="text/csv", @headers="Content-Disposition: form-data; name=\"csv\"; filename=\"test.csv\"\r\nContent-Type: text/csv\r\n">, "commit"=>"Upload"}
  [1m[35m (0.2ms)[0m  [1m[35mBEGIN[0m
  [1m[36mUser Exists (2.2ms)[0m  [1m[34mSELECT  1 AS one FROM "users" WHERE "users"."name" = $1 LIMIT $2[0m  [["name", "Paul"], ["LIMIT", 1]]
  [1m[35mSQL (0.5ms)[0m  [1m[32mINSERT INTO "users" ("name", "date", "number", "description", "created_at", "updated_at") VALUES ($1, $2, $3, $4, $5, $6) RETURNING "id"[0m  [["name", "Paul"], ["date", "1988-08-28"], ["number", 33], ["description", "Vivamus id ligula rutrum, this man is the greatest there ever was."], ["created_at", "2018-04-27 19:37:32.634243"], ["updated_at", "2018-04-27 19:37:32.634243"]]
  [1m[35m (19.2ms)[0m  [1m[35mCOMMIT[0m
  [1m[35m (0.2ms)[0m  [1m[35mBEGIN[0m
  [1m[36mUser Exists (25.1ms)[0m  [1m[34mSELECT  1 AS one FROM "users" WHERE "users"."name" = $1 LIMIT $2[0m  [["name", "Troy"], ["LIMIT", 1]]
  [1m[35mSQL (0.5ms)[0m  [1m[32mINSERT INTO "users" ("name", "date", "number", "description", "created_at", "updated_at") VALUES ($1, $2, $3, $4, $5, $6) RETURNING "id"[0m  [["name", "Troy"], ["date", "1988-02-28"], ["number", 85], ["description", "Maecenas vitae ultricies purus, id posuere sem. Mauris."], ["created_at", "2018-04-27 19:37:32.683758"], ["updated_at", "2018-04-27 19:37:32.683758"]]
  [1m[35m (25.6ms)[0m  [1m[35mCOMMIT[0m
  [1m[35m (0.3ms)[0m  [1m[35mBEGIN[0m
  [1m[36mUser Exists (0.5ms)[0m  [1m[34mSELECT  1 AS one FROM "users" WHERE "users"."name" = $1 LIMIT $2[0m  [["name", "Tom"], ["LIMIT", 1]]
  [1m[35mSQL (0.5ms)[0m  [1m[32mINSERT INTO "users" ("name", "date", "number", "description", "created_at", "updated_at") VALUES ($1, $2, $3, $4, $5, $6) RETURNING "id"[0m  [["name", "Tom"], ["date", "1982-03-15"], ["number", 37], ["description", "Maecenas a velit metus. Duis malesuada ligula et."], ["created_at", "2018-04-27 19:37:32.714577"], ["updated_at", "2018-04-27 19:37:32.714577"]]
  [1m[35m (39.4ms)[0m  [1m[35mCOMMIT[0m
  [1m[35m (0.2ms)[0m  [1m[35mBEGIN[0m
  [1m[36mUser Exists (0.4ms)[0m  [1m[34mSELECT  1 AS one FROM "users" WHERE "users"."name" = $1 LIMIT $2[0m  [["name", "Liam"], ["LIMIT", 1]]
  [1m[35mSQL (0.7ms)[0m  [1m[32mINSERT INTO "users" ("name", "date", "number", "description", "created_at", "updated_at") VALUES ($1, $2, $3, $4, $5, $6) RETURNING "id"[0m  [["name", "Liam"], ["date", "1988-06-22"], ["number", 35], ["description", "Nulla mollis sodales ligula, eget ultrices augue condimentum."], ["created_at", "2018-04-27 19:37:32.758918"], ["updated_at", "2018-04-27 19:37:32.758918"]]
  [1m[35m (39.2ms)[0m  [1m[35mCOMMIT[0m
  [1m[35m (0.3ms)[0m  [1m[35mBEGIN[0m
  [1m[36mUser Exists (0.5ms)[0m  [1m[34mSELECT  1 AS one FROM "users" WHERE "users"."name" = $1 LIMIT $2[0m  [["name", "Jared"], ["LIMIT", 1]]
  [1m[35mSQL (0.5ms)[0m  [1m[32mINSERT INTO "users" ("name", "date", "number", "description", "created_at", "updated_at") VALUES ($1, $2, $3, $4, $5, $6) RETURNING "id"[0m  [["name", "Jared"], ["date", "1990-09-30"], ["number", 61], ["description", "Mauris at pulvinar ex. Vivamus quis aliquam arcu."], ["created_at", "2018-04-27 19:37:32.803873"], ["updated_at", "2018-04-27 19:37:32.803873"]]
  [1m[35m (39.0ms)[0m  [1m[35mCOMMIT[0m
  [1m[35m (0.2ms)[0m  [1m[35mBEGIN[0m
  [1m[36mUser Exists (0.5ms)[0m  [1m[34mSELECT  1 AS one FROM "users" WHERE "users"."name" = $1 LIMIT $2[0m  [["name", "Jonathan"], ["LIMIT", 1]]
  [1m[35mSQL (0.6ms)[0m  [1m[32mINSERT INTO "users" ("name", "date", "number", "description", "created_at", "updated_at") VALUES ($1, $2, $3, $4, $5, $6) RETURNING "id"[0m  [["name", "Jonathan"], ["date", "1985-05-13"], ["number", 79], ["description", "Integer vitae est vel diam aliquet venenatis sit."], ["created_at", "2018-04-27 19:37:32.847992"], ["updated_at", "2018-04-27 19:37:32.847992"]]
  [1m[35m (39.1ms)[0m  [1m[35mCOMMIT[0m
  [1m[35m (0.3ms)[0m  [1m[35mBEGIN[0m
  [1m[36mUser Exists (0.4ms)[0m  [1m[34mSELECT  1 AS one FROM "users" WHERE "users"."name" = $1 LIMIT $2[0m  [["name", "Andrija"], ["LIMIT", 1]]
  [1m[35mSQL (0.6ms)[0m  [1m[32mINSERT INTO "users" ("name", "date", "number", "description", "created_at", "updated_at") VALUES ($1, $2, $3, $4, $5, $6) RETURNING "id"[0m  [["name", "Andrija"], ["date", "1990-05-14"], ["number", 19], ["description", "Aenean tincidunt tellus neque, ut vulputate ante rhoncus."], ["created_at", "2018-04-27 19:37:32.892717"], ["updated_at", "2018-04-27 19:37:32.892717"]]
  [1m[35m (61.0ms)[0m  [1m[35mCOMMIT[0m
  [1m[35m (0.3ms)[0m  [1m[35mBEGIN[0m
  [1m[36mUser Exists (0.5ms)[0m  [1m[34mSELECT  1 AS one FROM "users" WHERE "users"."name" = $1 LIMIT $2[0m  [["name", "Robert"], ["LIMIT", 1]]
  [1m[35mSQL (0.6ms)[0m  [1m[32mINSERT INTO "users" ("name", "date", "number", "description", "created_at", "updated_at") VALUES ($1, $2, $3, $4, $5, $6) RETURNING "id"[0m  [["name", "Robert"], ["date", "1990-06-25"], ["number", 34], ["description", "Pellentesque eget tincidunt nunc. Donec in risus leo."], ["created_at", "2018-04-27 19:37:32.959923"], ["updated_at", "2018-04-27 19:37:32.959923"]]
  [1m[35m (49.2ms)[0m  [1m[35mCOMMIT[0m
  [1m[35m (0.2ms)[0m  [1m[35mBEGIN[0m
  [1m[36mUser Exists (0.5ms)[0m  [1m[34mSELECT  1 AS one FROM "users" WHERE "users"."name" = $1 LIMIT $2[0m  [["name", "Jovan"], ["LIMIT", 1]]
  [1m[35mSQL (0.5ms)[0m  [1m[32mINSERT INTO "users" ("name", "date", "number", "description", "created_at", "updated_at") VALUES ($1, $2, $3, $4, $5, $6) RETURNING "id"[0m  [["name", "Jovan"], ["date", "1990-04-24"], ["number", 75], ["description", "Sed ac porta lorem. Morbi sollicitudin accumsan odio."], ["created_at", "2018-04-27 19:37:33.015027"], ["updated_at", "2018-04-27 19:37:33.015027"]]
  [1m[35m (272.2ms)[0m  [1m[35mCOMMIT[0m
  [1m[35m (0.4ms)[0m  [1m[35mBEGIN[0m
  [1m[36mUser Exists (0.5ms)[0m  [1m[34mSELECT  1 AS one FROM "users" WHERE "users"."name" = $1 LIMIT $2[0m  [["name", "William"], ["LIMIT", 1]]
  [1m[35mSQL (0.5ms)[0m  [1m[32mINSERT INTO "users" ("name", "date", "number", "description", "created_at", "updated_at") VALUES ($1, $2, $3, $4, $5, $6) RETURNING "id"[0m  [["name", "William"], ["date", "1990-01-03"], ["number", 2], ["description", "Donec at lorem dictum lectus tincidunt tempor. Sed."], ["created_at", "2018-04-27 19:37:33.293214"], ["updated_at", "2018-04-27 19:37:33.293214"]]
  [1m[35m (127.4ms)[0m  [1m[35mCOMMIT[0m
  [1m[35m (0.2ms)[0m  [1m[35mBEGIN[0m
  [1m[36mUser Exists (0.4ms)[0m  [1m[34mSELECT  1 AS one FROM "users" WHERE "users"."name" = $1 LIMIT $2[0m  [["name", "Federico"], ["LIMIT", 1]]
  [1m[35mSQL (0.5ms)[0m  [1m[32mINSERT INTO "users" ("name", "date", "number", "description", "created_at", "updated_at") VALUES ($1, $2, $3, $4, $5, $6) RETURNING "id"[0m  [["name", "Federico"], ["date", "1990-01-14"], ["number", 85], ["description", "Morbi rhoncus ligula nec diam pretium, et elementum."], ["created_at", "2018-04-27 19:37:33.425813"], ["updated_at", "2018-04-27 19:37:33.425813"]]
  [1m[35m (72.7ms)[0m  [1m[35mCOMMIT[0m
  [1m[35m (0.2ms)[0m  [1m[35mBEGIN[0m
  [1m[36mUser Exists (0.4ms)[0m  [1m[34mSELECT  1 AS one FROM "users" WHERE "users"."name" = $1 LIMIT $2[0m  [["name", "Feleti"], ["LIMIT", 1]]
  [1m[35mSQL (0.6ms)[0m  [1m[32mINSERT INTO "users" ("name", "date", "number", "description", "created_at", "updated_at") VALUES ($1, $2, $3, $4, $5, $6) RETURNING "id"[0m  [["name", "Feleti"], ["date", "1996-03-18"], ["number", 20], ["description", "Mauris mauris dui, viverra vel erat a, molestie."], ["created_at", "2018-04-27 19:37:33.503540"], ["updated_at", "2018-04-27 19:37:33.503540"]]
  [1m[35m (61.7ms)[0m  [1m[35mCOMMIT[0m
  [1m[35m (0.2ms)[0m  [1m[35mBEGIN[0m
  [1m[36mUser Exists (0.5ms)[0m  [1m[34mSELECT  1 AS one FROM "users" WHERE "users"."name" = $1 LIMIT $2[0m  [["name", "Brendan"], ["LIMIT", 1]]
  [1m[35mSQL (0.5ms)[0m  [1m[32mINSERT INTO "users" ("name", "date", "number", "description", "created_at", "updated_at") VALUES ($1, $2, $3, $4, $5, $6) RETURNING "id"[0m  [["name", "Brendan"], ["date", "1996-04-04"], ["number", 16], ["description", "Morbi id quam sed orci laoreet venenatis. Sed."], ["created_at", "2018-04-27 19:37:33.570268"], ["updated_at", "2018-04-27 19:37:33.570268"]]
  [1m[35m (64.8ms)[0m  [1m[35mCOMMIT[0m
  [1m[35m (0.2ms)[0m  [1m[35mBEGIN[0m
  [1m[36mUser Exists (0.4ms)[0m  [1m[34mSELECT  1 AS one FROM "users" WHERE "users"."name" = $1 LIMIT $2[0m  [["name", "Michael"], ["LIMIT", 1]]
  [1m[35mSQL (0.5ms)[0m  [1m[32mINSERT INTO "users" ("name", "date", "number", "description", "created_at", "updated_at") VALUES ($1, $2, $3, $4, $5, $6) RETURNING "id"[0m  [["name", "Michael"], ["date", "1996-08-15"], ["number", 57], ["description", "Curabitur dapibus accumsan enim, eu sodales sem bibendum."], ["created_at", "2018-04-27 19:37:33.640025"], ["updated_at", "2018-04-27 19:37:33.640025"]]
  [1m[35m (47.6ms)[0m  [1m[35mCOMMIT[0m
  [1m[35m (0.2ms)[0m  [1m[35mBEGIN[0m
  [1m[36mUser Exists (0.4ms)[0m  [1m[34mSELECT  1 AS one FROM "users" WHERE "users"."name" = $1 LIMIT $2[0m  [["name", "Tomas"], ["LIMIT", 1]]
  [1m[35mSQL (0.5ms)[0m  [1m[32mINSERT INTO "users" ("name", "date", "number", "description", "created_at", "updated_at") VALUES ($1, $2, $3, $4, $5, $6) RETURNING "id"[0m  [["name", "Tomas"], ["date", "1997-02-01"], ["number", 29], ["description", "Proin ac congue ante. Fusce cursus tincidunt urna."], ["created_at", "2018-04-27 19:37:33.692544"], ["updated_at", "2018-04-27 19:37:33.692544"]]
  [1m[35m (39.3ms)[0m  [1m[35mCOMMIT[0m
  [1m[35m (0.3ms)[0m  [1m[35mBEGIN[0m
  [1m[36mUser Exists (0.6ms)[0m  [1m[34mSELECT  1 AS one FROM "users" WHERE "users"."name" = $1 LIMIT $2[0m  [["name", "David"], ["LIMIT", 1]]
  [1m[35mSQL (0.6ms)[0m  [1m[32mINSERT INTO "users" ("name", "date", "number", "description", "created_at", "updated_at") VALUES ($1, $2, $3, $4, $5, $6) RETURNING "id"[0m  [["name", "David"], ["date", "1998-06-02"], ["number", 6], ["description", "Integer gravida vulputate sapien, id commodo risus imperdiet."], ["created_at", "2018-04-27 19:37:33.738037"], ["updated_at", "2018-04-27 19:37:33.738037"]]
  [1m[35m (4.5ms)[0m  [1m[35mCOMMIT[0m
  [1m[35m (0.3ms)[0m  [1m[35mBEGIN[0m
  [1m[36mUser Exists (0.6ms)[0m  [1m[34mSELECT  1 AS one FROM "users" WHERE "users"."name" = $1 LIMIT $2[0m  [["name", "Vivian"], ["LIMIT", 1]]
  [1m[35mSQL (0.7ms)[0m  [1m[32mINSERT INTO "users" ("name", "date", "number", "description", "created_at", "updated_at") VALUES ($1, $2, $3, $4, $5, $6) RETURNING "id"[0m  [["name", "Vivian"], ["date", "1998-10-17"], ["number", 9], ["description", "Ut porta semper erat. In feugiat felis augue."], ["created_at", "2018-04-27 19:37:33.750140"], ["updated_at", "2018-04-27 19:37:33.750140"]]
  [1m[35m (3.2ms)[0m  [1m[35mCOMMIT[0m
  [1m[35m (0.3ms)[0m  [1m[35mBEGIN[0m
  [1m[36mUser Exists (1.1ms)[0m  [1m[34mSELECT  1 AS one FROM "users" WHERE "users"."name" = $1 LIMIT $2[0m  [["name", "Patrick"], ["LIMIT", 1]]
  [1m[35mSQL (0.6ms)[0m  [1m[32mINSERT INTO "users" ("name", "date", "number", "description", "created_at", "updated_at") VALUES ($1, $2, $3, $4, $5, $6) RETURNING "id"[0m  [["name", "Patrick"], ["date", "1999-02-08"], ["number", 40], ["description", "Praesent vel tincidunt metus, at venenatis dolor. Duis."], ["created_at", "2018-04-27 19:37:33.760892"], ["updated_at", "2018-04-27 19:37:33.760892"]]
  [1m[35m (3.9ms)[0m  [1m[35mCOMMIT[0m
  [1m[35m (0.3ms)[0m  [1m[35mBEGIN[0m
  [1m[36mUser Exists (0.6ms)[0m  [1m[34mSELECT  1 AS one FROM "users" WHERE "users"."name" = $1 LIMIT $2[0m  [["name", "Andrew"], ["LIMIT", 1]]
  [1m[35mSQL (0.5ms)[0m  [1m[32mINSERT INTO "users" ("name", "date", "number", "description", "created_at", "updated_at") VALUES ($1, $2, $3, $4, $5, $6) RETURNING "id"[0m  [["name", "Andrew"], ["date", "1999-03-28"], ["number", 74], ["description", "Etiam in felis interdum, mattis nunc ac, congue."], ["created_at", "2018-04-27 19:37:33.771383"], ["updated_at", "2018-04-27 19:37:33.771383"]]
  [1m[35m (4.9ms)[0m  [1m[35mCOMMIT[0m
  [1m[35m (0.2ms)[0m  [1m[35mBEGIN[0m
  [1m[36mUser Exists (0.6ms)[0m  [1m[34mSELECT  1 AS one FROM "users" WHERE "users"."name" = $1 LIMIT $2[0m  [["name", "Fred"], ["LIMIT", 1]]
  [1m[35mSQL (0.5ms)[0m  [1m[32mINSERT INTO "users" ("name", "date", "number", "description", "created_at", "updated_at") VALUES ($1, $2, $3, $4, $5, $6) RETURNING "id"[0m  [["name", "Fred"], ["date", "1999-10-09"], ["number", 36], ["description", "Mauris euismod vestibulum auctor. Quisque neque metus, tristique."], ["created_at", "2018-04-27 19:37:33.784148"], ["updated_at", "2018-04-27 19:37:33.784148"]]
  [1m[35m (36.4ms)[0m  [1m[35mCOMMIT[0m
Redirected to http://localhost:3000/users
Completed 302 Found in 1245ms (ActiveRecord: 1106.8ms)


Started GET "/users" for 127.0.0.1 at 2018-04-28 00:37:33 +0500
Processing by UsersController#index as HTML
  Rendering users/index.html.slim within layouts/application
  [1m[36mUser Load (0.5ms)[0m  [1m[34mSELECT "users".* FROM "users"[0m
  Rendered users/index.html.slim within layouts/application (12.5ms)
  Rendered layouts/_message.html.erb (1.0ms)
Completed 200 OK in 42ms (Views: 39.7ms | ActiveRecord: 0.5ms)


Started GET "/users" for 127.0.0.1 at 2018-04-28 00:42:15 +0500
  [1m[35m (1.2ms)[0m  [1m[34mSELECT "schema_migrations"."version" FROM "schema_migrations" ORDER BY "schema_migrations"."version" ASC[0m
Processing by UsersController#index as HTML
  Rendering users/index.html.slim within layouts/application
  [1m[36mUser Load (0.9ms)[0m  [1m[34mSELECT "users".* FROM "users"[0m
  Rendered users/index.html.slim within layouts/application (71.9ms)
  Rendered layouts/_message.html.erb (0.7ms)
Completed 200 OK in 2380ms (Views: 2328.1ms | ActiveRecord: 6.5ms)


Started GET "/users" for 127.0.0.1 at 2018-04-28 00:44:59 +0500
  [1m[35m (1.0ms)[0m  [1m[34mSELECT "schema_migrations"."version" FROM "schema_migrations" ORDER BY "schema_migrations"."version" ASC[0m
Processing by UsersController#index as HTML
  Rendering users/index.html.slim within layouts/application
  [1m[36mUser Load (0.9ms)[0m  [1m[34mSELECT "users".* FROM "users"[0m
  Rendered users/index.html.slim within layouts/application (73.5ms)
  Rendered layouts/_message.html.erb (0.9ms)
Completed 200 OK in 1735ms (Views: 1682.4ms | ActiveRecord: 7.3ms)


Started GET "/users" for 127.0.0.1 at 2018-04-28 01:50:55 +0500
Processing by UsersController#index as HTML
  Rendering users/index.html.slim within layouts/application
  [1m[36mUser Load (0.5ms)[0m  [1m[34mSELECT "users".* FROM "users"[0m
  Rendered users/index.html.slim within layouts/application (42.3ms)
  Rendered layouts/_message.html.erb (0.8ms)
Completed 200 OK in 297ms (Views: 281.5ms | ActiveRecord: 6.8ms)


Started GET "/users/import" for 127.0.0.1 at 2018-04-28 01:56:48 +0500
Processing by UsersController#import as HTML
  Rendering users/import.html.slim within layouts/application
  Rendered users/import.html.slim within layouts/application (42.5ms)
Completed 500 Internal Server Error in 48ms (ActiveRecord: 0.0ms)


  
ActionView::Template::Error (wrong number of arguments (3 for 1..2)):
    1: = form_tag read_csv_users_path,multipart: true do
    2:   = file_field_tag :csv,nil,required: true
    3:   = submit_tag "Upload"
  
app/views/users/import.html.slim:2:in `block in _app_views_users_import_html_slim___2842681268420649009_69887506794280'
app/views/users/import.html.slim:1:in `_app_views_users_import_html_slim___2842681268420649009_69887506794280'
Started GET "/users/import" for 127.0.0.1 at 2018-04-28 01:57:05 +0500
Processing by UsersController#import as HTML
  Rendering users/import.html.slim within layouts/application
  Rendered users/import.html.slim within layouts/application (8.4ms)
  Rendered layouts/_message.html.erb (0.8ms)
Completed 200 OK in 63ms (Views: 61.9ms | ActiveRecord: 0.0ms)


